The system is: Darwin - 21.2.0 - arm64
Compiling the C compiler identification source file "CMakeCCompilerId.c" succeeded.
Compiler: /Library/Developer/CommandLineTools/usr/bin/cc 
Build flags: 
Id flags: -c 

The output was:
0


Compilation of the C compiler identification source "CMakeCCompilerId.c" produced "CMakeCCompilerId.o"

The C compiler identification is AppleClang, found in "/Users/cheese/Src/CSrc/mysql-connector-c-6.1.11-src/cmake-build-debug/CMakeFiles/3.22.3/CompilerIdC/CMakeCCompilerId.o"

Compiling the CXX compiler identification source file "CMakeCXXCompilerId.cpp" succeeded.
Compiler: /Library/Developer/CommandLineTools/usr/bin/c++ 
Build flags: 
Id flags: -c 

The output was:
0


Compilation of the CXX compiler identification source "CMakeCXXCompilerId.cpp" produced "CMakeCXXCompilerId.o"

The CXX compiler identification is AppleClang, found in "/Users/cheese/Src/CSrc/mysql-connector-c-6.1.11-src/cmake-build-debug/CMakeFiles/3.22.3/CompilerIdCXX/CMakeCXXCompilerId.o"

Detecting C compiler ABI info compiled with the following output:
Change Dir: /Users/cheese/Src/CSrc/mysql-connector-c-6.1.11-src/cmake-build-debug/CMakeFiles/CMakeTmp

Run Build Command(s):/Applications/CLion.app/Contents/bin/ninja/mac/ninja cmTC_e7362 && [1/2] Building C object CMakeFiles/cmTC_e7362.dir/CMakeCCompilerABI.c.o
Apple clang version 13.1.6 (clang-1316.0.21.2)
Target: arm64-apple-darwin21.2.0
Thread model: posix
InstalledDir: /Library/Developer/CommandLineTools/usr/bin
clang: warning: -Wl,-v: 'linker' input unused [-Wunused-command-line-argument]
 "/Library/Developer/CommandLineTools/usr/bin/clang" -cc1 -triple arm64-apple-macosx12.1.0 -Wundef-prefix=TARGET_OS_ -Wdeprecated-objc-isa-usage -Werror=deprecated-objc-isa-usage -Werror=implicit-function-declaration -emit-obj -mrelax-all --mrelax-relocations -disable-free -disable-llvm-verifier -discard-value-names -main-file-name CMakeCCompilerABI.c -mrelocation-model pic -pic-level 2 -mframe-pointer=non-leaf -fno-strict-return -fno-rounding-math -munwind-tables -target-sdk-version=12.3 -fvisibility-inlines-hidden-static-local-var -target-cpu apple-m1 -target-feature +v8.5a -target-feature +fp-armv8 -target-feature +neon -target-feature +crc -target-feature +crypto -target-feature +dotprod -target-feature +fp16fml -target-feature +ras -target-feature +lse -target-feature +rdm -target-feature +rcpc -target-feature +zcm -target-feature +zcz -target-feature +fullfp16 -target-feature +sm4 -target-feature +sha3 -target-feature +sha2 -target-feature +aes -target-abi darwinpcs -fallow-half-arguments-and-returns -debugger-tuning=lldb -target-linker-version 762 -v -resource-dir /Library/Developer/CommandLineTools/usr/lib/clang/13.1.6 -dependency-file CMakeFiles/cmTC_e7362.dir/CMakeCCompilerABI.c.o.d -skip-unused-modulemap-deps -MT CMakeFiles/cmTC_e7362.dir/CMakeCCompilerABI.c.o -sys-header-deps -isysroot /Library/Developer/CommandLineTools/SDKs/MacOSX12.3.sdk -internal-isystem /Library/Developer/CommandLineTools/SDKs/MacOSX12.3.sdk/usr/local/include -internal-isystem /Library/Developer/CommandLineTools/usr/lib/clang/13.1.6/include -internal-externc-isystem /Library/Developer/CommandLineTools/SDKs/MacOSX12.3.sdk/usr/include -internal-externc-isystem /Library/Developer/CommandLineTools/usr/include -Wno-reorder-init-list -Wno-implicit-int-float-conversion -Wno-c99-designator -Wno-final-dtor-non-final-class -Wno-extra-semi-stmt -Wno-misleading-indentation -Wno-quoted-include-in-framework-header -Wno-implicit-fallthrough -Wno-enum-enum-conversion -Wno-enum-float-conversion -Wno-elaborated-enum-base -Wno-reserved-identifier -Wno-gnu-folding-constant -Wno-objc-load-method -fdebug-compilation-dir=/Users/cheese/Src/CSrc/mysql-connector-c-6.1.11-src/cmake-build-debug/CMakeFiles/CMakeTmp -ferror-limit 19 -stack-protector 1 -fstack-check -mdarwin-stkchk-strong-link -fblocks -fencode-extended-block-signature -fregister-global-dtors-with-atexit -fgnuc-version=4.2.1 -fmax-type-align=16 -fcommon -clang-vendor-feature=+messageToSelfInClassMethodIdReturnType -clang-vendor-feature=+disableInferNewAvailabilityFromInit -clang-vendor-feature=+disableNonDependentMemberExprInCurrentInstantiation -fno-odr-hash-protocols -clang-vendor-feature=+enableAggressiveVLAFolding -clang-vendor-feature=+revert09abecef7bbf -clang-vendor-feature=+thisNoAlignAttr -clang-vendor-feature=+thisNoNullAttr -mllvm -disable-aligned-alloc-awareness=1 -D__GCC_HAVE_DWARF2_CFI_ASM=1 -o CMakeFiles/cmTC_e7362.dir/CMakeCCompilerABI.c.o -x c /Applications/CLion.app/Contents/bin/cmake/mac/share/cmake-3.22/Modules/CMakeCCompilerABI.c
clang -cc1 version 13.1.6 (clang-1316.0.21.2) default target arm64-apple-darwin21.2.0
ignoring nonexistent directory "/Library/Developer/CommandLineTools/SDKs/MacOSX12.3.sdk/usr/local/include"
ignoring nonexistent directory "/Library/Developer/CommandLineTools/SDKs/MacOSX12.3.sdk/Library/Frameworks"
#include "..." search starts here:
#include <...> search starts here:
 /Library/Developer/CommandLineTools/usr/lib/clang/13.1.6/include
 /Library/Developer/CommandLineTools/SDKs/MacOSX12.3.sdk/usr/include
 /Library/Developer/CommandLineTools/usr/include
 /Library/Developer/CommandLineTools/SDKs/MacOSX12.3.sdk/System/Library/Frameworks (framework directory)
End of search list.
[2/2] Linking C executable cmTC_e7362
Apple clang version 13.1.6 (clang-1316.0.21.2)
Target: arm64-apple-darwin21.2.0
Thread model: posix
InstalledDir: /Library/Developer/CommandLineTools/usr/bin
 "/Library/Developer/CommandLineTools/usr/bin/ld" -demangle -lto_library /Library/Developer/CommandLineTools/usr/lib/libLTO.dylib -dynamic -arch arm64 -platform_version macos 12.1.0 12.3 -syslibroot /Library/Developer/CommandLineTools/SDKs/MacOSX12.3.sdk -o cmTC_e7362 -search_paths_first -headerpad_max_install_names -v CMakeFiles/cmTC_e7362.dir/CMakeCCompilerABI.c.o -lSystem /Library/Developer/CommandLineTools/usr/lib/clang/13.1.6/lib/darwin/libclang_rt.osx.a
@(#)PROGRAM:ld  PROJECT:ld64-762
BUILD 06:28:58 Feb 18 2022
configured to support archs: armv6 armv7 armv7s arm64 arm64e arm64_32 i386 x86_64 x86_64h armv6m armv7k armv7m armv7em
Library search paths:
	/Library/Developer/CommandLineTools/SDKs/MacOSX12.3.sdk/usr/lib
Framework search paths:
	/Library/Developer/CommandLineTools/SDKs/MacOSX12.3.sdk/System/Library/Frameworks/



Parsed C implicit include dir info from above output: rv=done
  found start of include info
  found start of implicit include info
    add: [/Library/Developer/CommandLineTools/usr/lib/clang/13.1.6/include]
    add: [/Library/Developer/CommandLineTools/SDKs/MacOSX12.3.sdk/usr/include]
    add: [/Library/Developer/CommandLineTools/usr/include]
  end of search list found
  collapse include dir [/Library/Developer/CommandLineTools/usr/lib/clang/13.1.6/include] ==> [/Library/Developer/CommandLineTools/usr/lib/clang/13.1.6/include]
  collapse include dir [/Library/Developer/CommandLineTools/SDKs/MacOSX12.3.sdk/usr/include] ==> [/Library/Developer/CommandLineTools/SDKs/MacOSX12.3.sdk/usr/include]
  collapse include dir [/Library/Developer/CommandLineTools/usr/include] ==> [/Library/Developer/CommandLineTools/usr/include]
  implicit include dirs: [/Library/Developer/CommandLineTools/usr/lib/clang/13.1.6/include;/Library/Developer/CommandLineTools/SDKs/MacOSX12.3.sdk/usr/include;/Library/Developer/CommandLineTools/usr/include]


Parsed C implicit link information from above output:
  link line regex: [^( *|.*[/\])(ld|CMAKE_LINK_STARTFILE-NOTFOUND|([^/\]+-)?ld|collect2)[^/\]*( |$)]
  ignore line: [Change Dir: /Users/cheese/Src/CSrc/mysql-connector-c-6.1.11-src/cmake-build-debug/CMakeFiles/CMakeTmp]
  ignore line: []
  ignore line: [Run Build Command(s):/Applications/CLion.app/Contents/bin/ninja/mac/ninja cmTC_e7362 && [1/2] Building C object CMakeFiles/cmTC_e7362.dir/CMakeCCompilerABI.c.o]
  ignore line: [Apple clang version 13.1.6 (clang-1316.0.21.2)]
  ignore line: [Target: arm64-apple-darwin21.2.0]
  ignore line: [Thread model: posix]
  ignore line: [InstalledDir: /Library/Developer/CommandLineTools/usr/bin]
  ignore line: [clang: warning: -Wl -v: 'linker' input unused [-Wunused-command-line-argument]]
  ignore line: [ "/Library/Developer/CommandLineTools/usr/bin/clang" -cc1 -triple arm64-apple-macosx12.1.0 -Wundef-prefix=TARGET_OS_ -Wdeprecated-objc-isa-usage -Werror=deprecated-objc-isa-usage -Werror=implicit-function-declaration -emit-obj -mrelax-all --mrelax-relocations -disable-free -disable-llvm-verifier -discard-value-names -main-file-name CMakeCCompilerABI.c -mrelocation-model pic -pic-level 2 -mframe-pointer=non-leaf -fno-strict-return -fno-rounding-math -munwind-tables -target-sdk-version=12.3 -fvisibility-inlines-hidden-static-local-var -target-cpu apple-m1 -target-feature +v8.5a -target-feature +fp-armv8 -target-feature +neon -target-feature +crc -target-feature +crypto -target-feature +dotprod -target-feature +fp16fml -target-feature +ras -target-feature +lse -target-feature +rdm -target-feature +rcpc -target-feature +zcm -target-feature +zcz -target-feature +fullfp16 -target-feature +sm4 -target-feature +sha3 -target-feature +sha2 -target-feature +aes -target-abi darwinpcs -fallow-half-arguments-and-returns -debugger-tuning=lldb -target-linker-version 762 -v -resource-dir /Library/Developer/CommandLineTools/usr/lib/clang/13.1.6 -dependency-file CMakeFiles/cmTC_e7362.dir/CMakeCCompilerABI.c.o.d -skip-unused-modulemap-deps -MT CMakeFiles/cmTC_e7362.dir/CMakeCCompilerABI.c.o -sys-header-deps -isysroot /Library/Developer/CommandLineTools/SDKs/MacOSX12.3.sdk -internal-isystem /Library/Developer/CommandLineTools/SDKs/MacOSX12.3.sdk/usr/local/include -internal-isystem /Library/Developer/CommandLineTools/usr/lib/clang/13.1.6/include -internal-externc-isystem /Library/Developer/CommandLineTools/SDKs/MacOSX12.3.sdk/usr/include -internal-externc-isystem /Library/Developer/CommandLineTools/usr/include -Wno-reorder-init-list -Wno-implicit-int-float-conversion -Wno-c99-designator -Wno-final-dtor-non-final-class -Wno-extra-semi-stmt -Wno-misleading-indentation -Wno-quoted-include-in-framework-header -Wno-implicit-fallthrough -Wno-enum-enum-conversion -Wno-enum-float-conversion -Wno-elaborated-enum-base -Wno-reserved-identifier -Wno-gnu-folding-constant -Wno-objc-load-method -fdebug-compilation-dir=/Users/cheese/Src/CSrc/mysql-connector-c-6.1.11-src/cmake-build-debug/CMakeFiles/CMakeTmp -ferror-limit 19 -stack-protector 1 -fstack-check -mdarwin-stkchk-strong-link -fblocks -fencode-extended-block-signature -fregister-global-dtors-with-atexit -fgnuc-version=4.2.1 -fmax-type-align=16 -fcommon -clang-vendor-feature=+messageToSelfInClassMethodIdReturnType -clang-vendor-feature=+disableInferNewAvailabilityFromInit -clang-vendor-feature=+disableNonDependentMemberExprInCurrentInstantiation -fno-odr-hash-protocols -clang-vendor-feature=+enableAggressiveVLAFolding -clang-vendor-feature=+revert09abecef7bbf -clang-vendor-feature=+thisNoAlignAttr -clang-vendor-feature=+thisNoNullAttr -mllvm -disable-aligned-alloc-awareness=1 -D__GCC_HAVE_DWARF2_CFI_ASM=1 -o CMakeFiles/cmTC_e7362.dir/CMakeCCompilerABI.c.o -x c /Applications/CLion.app/Contents/bin/cmake/mac/share/cmake-3.22/Modules/CMakeCCompilerABI.c]
  ignore line: [clang -cc1 version 13.1.6 (clang-1316.0.21.2) default target arm64-apple-darwin21.2.0]
  ignore line: [ignoring nonexistent directory "/Library/Developer/CommandLineTools/SDKs/MacOSX12.3.sdk/usr/local/include"]
  ignore line: [ignoring nonexistent directory "/Library/Developer/CommandLineTools/SDKs/MacOSX12.3.sdk/Library/Frameworks"]
  ignore line: [#include "..." search starts here:]
  ignore line: [#include <...> search starts here:]
  ignore line: [ /Library/Developer/CommandLineTools/usr/lib/clang/13.1.6/include]
  ignore line: [ /Library/Developer/CommandLineTools/SDKs/MacOSX12.3.sdk/usr/include]
  ignore line: [ /Library/Developer/CommandLineTools/usr/include]
  ignore line: [ /Library/Developer/CommandLineTools/SDKs/MacOSX12.3.sdk/System/Library/Frameworks (framework directory)]
  ignore line: [End of search list.]
  ignore line: [[2/2] Linking C executable cmTC_e7362]
  ignore line: [Apple clang version 13.1.6 (clang-1316.0.21.2)]
  ignore line: [Target: arm64-apple-darwin21.2.0]
  ignore line: [Thread model: posix]
  ignore line: [InstalledDir: /Library/Developer/CommandLineTools/usr/bin]
  link line: [ "/Library/Developer/CommandLineTools/usr/bin/ld" -demangle -lto_library /Library/Developer/CommandLineTools/usr/lib/libLTO.dylib -dynamic -arch arm64 -platform_version macos 12.1.0 12.3 -syslibroot /Library/Developer/CommandLineTools/SDKs/MacOSX12.3.sdk -o cmTC_e7362 -search_paths_first -headerpad_max_install_names -v CMakeFiles/cmTC_e7362.dir/CMakeCCompilerABI.c.o -lSystem /Library/Developer/CommandLineTools/usr/lib/clang/13.1.6/lib/darwin/libclang_rt.osx.a]
    arg [/Library/Developer/CommandLineTools/usr/bin/ld] ==> ignore
    arg [-demangle] ==> ignore
    arg [-lto_library] ==> ignore, skip following value
    arg [/Library/Developer/CommandLineTools/usr/lib/libLTO.dylib] ==> skip value of -lto_library
    arg [-dynamic] ==> ignore
    arg [-arch] ==> ignore
    arg [arm64] ==> ignore
    arg [-platform_version] ==> ignore
    arg [macos] ==> ignore
    arg [12.1.0] ==> ignore
    arg [12.3] ==> ignore
    arg [-syslibroot] ==> ignore
    arg [/Library/Developer/CommandLineTools/SDKs/MacOSX12.3.sdk] ==> ignore
    arg [-o] ==> ignore
    arg [cmTC_e7362] ==> ignore
    arg [-search_paths_first] ==> ignore
    arg [-headerpad_max_install_names] ==> ignore
    arg [-v] ==> ignore
    arg [CMakeFiles/cmTC_e7362.dir/CMakeCCompilerABI.c.o] ==> ignore
    arg [-lSystem] ==> lib [System]
    arg [/Library/Developer/CommandLineTools/usr/lib/clang/13.1.6/lib/darwin/libclang_rt.osx.a] ==> lib [/Library/Developer/CommandLineTools/usr/lib/clang/13.1.6/lib/darwin/libclang_rt.osx.a]
  Library search paths: [;/Library/Developer/CommandLineTools/SDKs/MacOSX12.3.sdk/usr/lib]
  Framework search paths: [;/Library/Developer/CommandLineTools/SDKs/MacOSX12.3.sdk/System/Library/Frameworks/]
  remove lib [System]
  remove lib [/Library/Developer/CommandLineTools/usr/lib/clang/13.1.6/lib/darwin/libclang_rt.osx.a]
  collapse library dir [/Library/Developer/CommandLineTools/SDKs/MacOSX12.3.sdk/usr/lib] ==> [/Library/Developer/CommandLineTools/SDKs/MacOSX12.3.sdk/usr/lib]
  collapse framework dir [/Library/Developer/CommandLineTools/SDKs/MacOSX12.3.sdk/System/Library/Frameworks/] ==> [/Library/Developer/CommandLineTools/SDKs/MacOSX12.3.sdk/System/Library/Frameworks]
  implicit libs: []
  implicit objs: []
  implicit dirs: [/Library/Developer/CommandLineTools/SDKs/MacOSX12.3.sdk/usr/lib]
  implicit fwks: [/Library/Developer/CommandLineTools/SDKs/MacOSX12.3.sdk/System/Library/Frameworks]


Detecting CXX compiler ABI info compiled with the following output:
Change Dir: /Users/cheese/Src/CSrc/mysql-connector-c-6.1.11-src/cmake-build-debug/CMakeFiles/CMakeTmp

Run Build Command(s):/Applications/CLion.app/Contents/bin/ninja/mac/ninja cmTC_047a8 && [1/2] Building CXX object CMakeFiles/cmTC_047a8.dir/CMakeCXXCompilerABI.cpp.o
Apple clang version 13.1.6 (clang-1316.0.21.2)
Target: arm64-apple-darwin21.2.0
Thread model: posix
InstalledDir: /Library/Developer/CommandLineTools/usr/bin
clang: warning: -Wl,-v: 'linker' input unused [-Wunused-command-line-argument]
 "/Library/Developer/CommandLineTools/usr/bin/clang" -cc1 -triple arm64-apple-macosx12.1.0 -Wundef-prefix=TARGET_OS_ -Wdeprecated-objc-isa-usage -Werror=deprecated-objc-isa-usage -Werror=implicit-function-declaration -emit-obj -mrelax-all --mrelax-relocations -disable-free -disable-llvm-verifier -discard-value-names -main-file-name CMakeCXXCompilerABI.cpp -mrelocation-model pic -pic-level 2 -mframe-pointer=non-leaf -fno-strict-return -fno-rounding-math -munwind-tables -target-sdk-version=12.3 -fvisibility-inlines-hidden-static-local-var -target-cpu apple-m1 -target-feature +v8.5a -target-feature +fp-armv8 -target-feature +neon -target-feature +crc -target-feature +crypto -target-feature +dotprod -target-feature +fp16fml -target-feature +ras -target-feature +lse -target-feature +rdm -target-feature +rcpc -target-feature +zcm -target-feature +zcz -target-feature +fullfp16 -target-feature +sm4 -target-feature +sha3 -target-feature +sha2 -target-feature +aes -target-abi darwinpcs -fallow-half-arguments-and-returns -debugger-tuning=lldb -target-linker-version 762 -v -resource-dir /Library/Developer/CommandLineTools/usr/lib/clang/13.1.6 -dependency-file CMakeFiles/cmTC_047a8.dir/CMakeCXXCompilerABI.cpp.o.d -skip-unused-modulemap-deps -MT CMakeFiles/cmTC_047a8.dir/CMakeCXXCompilerABI.cpp.o -sys-header-deps -isysroot /Library/Developer/CommandLineTools/SDKs/MacOSX12.3.sdk -stdlib=libc++ -internal-isystem /Library/Developer/CommandLineTools/SDKs/MacOSX12.3.sdk/usr/include/c++/v1 -internal-isystem /Library/Developer/CommandLineTools/SDKs/MacOSX12.3.sdk/usr/local/include -internal-isystem /Library/Developer/CommandLineTools/usr/lib/clang/13.1.6/include -internal-externc-isystem /Library/Developer/CommandLineTools/SDKs/MacOSX12.3.sdk/usr/include -internal-externc-isystem /Library/Developer/CommandLineTools/usr/include -Wno-reorder-init-list -Wno-implicit-int-float-conversion -Wno-c99-designator -Wno-final-dtor-non-final-class -Wno-extra-semi-stmt -Wno-misleading-indentation -Wno-quoted-include-in-framework-header -Wno-implicit-fallthrough -Wno-enum-enum-conversion -Wno-enum-float-conversion -Wno-elaborated-enum-base -Wno-reserved-identifier -Wno-gnu-folding-constant -Wno-objc-load-method -fdeprecated-macro -fdebug-compilation-dir=/Users/cheese/Src/CSrc/mysql-connector-c-6.1.11-src/cmake-build-debug/CMakeFiles/CMakeTmp -ferror-limit 19 -stack-protector 1 -fstack-check -mdarwin-stkchk-strong-link -fblocks -fencode-extended-block-signature -fregister-global-dtors-with-atexit -fgnuc-version=4.2.1 -fno-cxx-modules -fcxx-exceptions -fexceptions -fmax-type-align=16 -fcommon -clang-vendor-feature=+messageToSelfInClassMethodIdReturnType -clang-vendor-feature=+disableInferNewAvailabilityFromInit -clang-vendor-feature=+disableNonDependentMemberExprInCurrentInstantiation -fno-odr-hash-protocols -clang-vendor-feature=+enableAggressiveVLAFolding -clang-vendor-feature=+revert09abecef7bbf -clang-vendor-feature=+thisNoAlignAttr -clang-vendor-feature=+thisNoNullAttr -mllvm -disable-aligned-alloc-awareness=1 -D__GCC_HAVE_DWARF2_CFI_ASM=1 -o CMakeFiles/cmTC_047a8.dir/CMakeCXXCompilerABI.cpp.o -x c++ /Applications/CLion.app/Contents/bin/cmake/mac/share/cmake-3.22/Modules/CMakeCXXCompilerABI.cpp
clang -cc1 version 13.1.6 (clang-1316.0.21.2) default target arm64-apple-darwin21.2.0
ignoring nonexistent directory "/Library/Developer/CommandLineTools/SDKs/MacOSX12.3.sdk/usr/local/include"
ignoring nonexistent directory "/Library/Developer/CommandLineTools/SDKs/MacOSX12.3.sdk/Library/Frameworks"
#include "..." search starts here:
#include <...> search starts here:
 /Library/Developer/CommandLineTools/SDKs/MacOSX12.3.sdk/usr/include/c++/v1
 /Library/Developer/CommandLineTools/usr/lib/clang/13.1.6/include
 /Library/Developer/CommandLineTools/SDKs/MacOSX12.3.sdk/usr/include
 /Library/Developer/CommandLineTools/usr/include
 /Library/Developer/CommandLineTools/SDKs/MacOSX12.3.sdk/System/Library/Frameworks (framework directory)
End of search list.
[2/2] Linking CXX executable cmTC_047a8
Apple clang version 13.1.6 (clang-1316.0.21.2)
Target: arm64-apple-darwin21.2.0
Thread model: posix
InstalledDir: /Library/Developer/CommandLineTools/usr/bin
 "/Library/Developer/CommandLineTools/usr/bin/ld" -demangle -lto_library /Library/Developer/CommandLineTools/usr/lib/libLTO.dylib -dynamic -arch arm64 -platform_version macos 12.1.0 12.3 -syslibroot /Library/Developer/CommandLineTools/SDKs/MacOSX12.3.sdk -o cmTC_047a8 -search_paths_first -headerpad_max_install_names -v CMakeFiles/cmTC_047a8.dir/CMakeCXXCompilerABI.cpp.o -lc++ -lSystem /Library/Developer/CommandLineTools/usr/lib/clang/13.1.6/lib/darwin/libclang_rt.osx.a
@(#)PROGRAM:ld  PROJECT:ld64-762
BUILD 06:28:58 Feb 18 2022
configured to support archs: armv6 armv7 armv7s arm64 arm64e arm64_32 i386 x86_64 x86_64h armv6m armv7k armv7m armv7em
Library search paths:
	/Library/Developer/CommandLineTools/SDKs/MacOSX12.3.sdk/usr/lib
Framework search paths:
	/Library/Developer/CommandLineTools/SDKs/MacOSX12.3.sdk/System/Library/Frameworks/



Parsed CXX implicit include dir info from above output: rv=done
  found start of include info
  found start of implicit include info
    add: [/Library/Developer/CommandLineTools/SDKs/MacOSX12.3.sdk/usr/include/c++/v1]
    add: [/Library/Developer/CommandLineTools/usr/lib/clang/13.1.6/include]
    add: [/Library/Developer/CommandLineTools/SDKs/MacOSX12.3.sdk/usr/include]
    add: [/Library/Developer/CommandLineTools/usr/include]
  end of search list found
  collapse include dir [/Library/Developer/CommandLineTools/SDKs/MacOSX12.3.sdk/usr/include/c++/v1] ==> [/Library/Developer/CommandLineTools/SDKs/MacOSX12.3.sdk/usr/include/c++/v1]
  collapse include dir [/Library/Developer/CommandLineTools/usr/lib/clang/13.1.6/include] ==> [/Library/Developer/CommandLineTools/usr/lib/clang/13.1.6/include]
  collapse include dir [/Library/Developer/CommandLineTools/SDKs/MacOSX12.3.sdk/usr/include] ==> [/Library/Developer/CommandLineTools/SDKs/MacOSX12.3.sdk/usr/include]
  collapse include dir [/Library/Developer/CommandLineTools/usr/include] ==> [/Library/Developer/CommandLineTools/usr/include]
  implicit include dirs: [/Library/Developer/CommandLineTools/SDKs/MacOSX12.3.sdk/usr/include/c++/v1;/Library/Developer/CommandLineTools/usr/lib/clang/13.1.6/include;/Library/Developer/CommandLineTools/SDKs/MacOSX12.3.sdk/usr/include;/Library/Developer/CommandLineTools/usr/include]


Parsed CXX implicit link information from above output:
  link line regex: [^( *|.*[/\])(ld|CMAKE_LINK_STARTFILE-NOTFOUND|([^/\]+-)?ld|collect2)[^/\]*( |$)]
  ignore line: [Change Dir: /Users/cheese/Src/CSrc/mysql-connector-c-6.1.11-src/cmake-build-debug/CMakeFiles/CMakeTmp]
  ignore line: []
  ignore line: [Run Build Command(s):/Applications/CLion.app/Contents/bin/ninja/mac/ninja cmTC_047a8 && [1/2] Building CXX object CMakeFiles/cmTC_047a8.dir/CMakeCXXCompilerABI.cpp.o]
  ignore line: [Apple clang version 13.1.6 (clang-1316.0.21.2)]
  ignore line: [Target: arm64-apple-darwin21.2.0]
  ignore line: [Thread model: posix]
  ignore line: [InstalledDir: /Library/Developer/CommandLineTools/usr/bin]
  ignore line: [clang: warning: -Wl -v: 'linker' input unused [-Wunused-command-line-argument]]
  ignore line: [ "/Library/Developer/CommandLineTools/usr/bin/clang" -cc1 -triple arm64-apple-macosx12.1.0 -Wundef-prefix=TARGET_OS_ -Wdeprecated-objc-isa-usage -Werror=deprecated-objc-isa-usage -Werror=implicit-function-declaration -emit-obj -mrelax-all --mrelax-relocations -disable-free -disable-llvm-verifier -discard-value-names -main-file-name CMakeCXXCompilerABI.cpp -mrelocation-model pic -pic-level 2 -mframe-pointer=non-leaf -fno-strict-return -fno-rounding-math -munwind-tables -target-sdk-version=12.3 -fvisibility-inlines-hidden-static-local-var -target-cpu apple-m1 -target-feature +v8.5a -target-feature +fp-armv8 -target-feature +neon -target-feature +crc -target-feature +crypto -target-feature +dotprod -target-feature +fp16fml -target-feature +ras -target-feature +lse -target-feature +rdm -target-feature +rcpc -target-feature +zcm -target-feature +zcz -target-feature +fullfp16 -target-feature +sm4 -target-feature +sha3 -target-feature +sha2 -target-feature +aes -target-abi darwinpcs -fallow-half-arguments-and-returns -debugger-tuning=lldb -target-linker-version 762 -v -resource-dir /Library/Developer/CommandLineTools/usr/lib/clang/13.1.6 -dependency-file CMakeFiles/cmTC_047a8.dir/CMakeCXXCompilerABI.cpp.o.d -skip-unused-modulemap-deps -MT CMakeFiles/cmTC_047a8.dir/CMakeCXXCompilerABI.cpp.o -sys-header-deps -isysroot /Library/Developer/CommandLineTools/SDKs/MacOSX12.3.sdk -stdlib=libc++ -internal-isystem /Library/Developer/CommandLineTools/SDKs/MacOSX12.3.sdk/usr/include/c++/v1 -internal-isystem /Library/Developer/CommandLineTools/SDKs/MacOSX12.3.sdk/usr/local/include -internal-isystem /Library/Developer/CommandLineTools/usr/lib/clang/13.1.6/include -internal-externc-isystem /Library/Developer/CommandLineTools/SDKs/MacOSX12.3.sdk/usr/include -internal-externc-isystem /Library/Developer/CommandLineTools/usr/include -Wno-reorder-init-list -Wno-implicit-int-float-conversion -Wno-c99-designator -Wno-final-dtor-non-final-class -Wno-extra-semi-stmt -Wno-misleading-indentation -Wno-quoted-include-in-framework-header -Wno-implicit-fallthrough -Wno-enum-enum-conversion -Wno-enum-float-conversion -Wno-elaborated-enum-base -Wno-reserved-identifier -Wno-gnu-folding-constant -Wno-objc-load-method -fdeprecated-macro -fdebug-compilation-dir=/Users/cheese/Src/CSrc/mysql-connector-c-6.1.11-src/cmake-build-debug/CMakeFiles/CMakeTmp -ferror-limit 19 -stack-protector 1 -fstack-check -mdarwin-stkchk-strong-link -fblocks -fencode-extended-block-signature -fregister-global-dtors-with-atexit -fgnuc-version=4.2.1 -fno-cxx-modules -fcxx-exceptions -fexceptions -fmax-type-align=16 -fcommon -clang-vendor-feature=+messageToSelfInClassMethodIdReturnType -clang-vendor-feature=+disableInferNewAvailabilityFromInit -clang-vendor-feature=+disableNonDependentMemberExprInCurrentInstantiation -fno-odr-hash-protocols -clang-vendor-feature=+enableAggressiveVLAFolding -clang-vendor-feature=+revert09abecef7bbf -clang-vendor-feature=+thisNoAlignAttr -clang-vendor-feature=+thisNoNullAttr -mllvm -disable-aligned-alloc-awareness=1 -D__GCC_HAVE_DWARF2_CFI_ASM=1 -o CMakeFiles/cmTC_047a8.dir/CMakeCXXCompilerABI.cpp.o -x c++ /Applications/CLion.app/Contents/bin/cmake/mac/share/cmake-3.22/Modules/CMakeCXXCompilerABI.cpp]
  ignore line: [clang -cc1 version 13.1.6 (clang-1316.0.21.2) default target arm64-apple-darwin21.2.0]
  ignore line: [ignoring nonexistent directory "/Library/Developer/CommandLineTools/SDKs/MacOSX12.3.sdk/usr/local/include"]
  ignore line: [ignoring nonexistent directory "/Library/Developer/CommandLineTools/SDKs/MacOSX12.3.sdk/Library/Frameworks"]
  ignore line: [#include "..." search starts here:]
  ignore line: [#include <...> search starts here:]
  ignore line: [ /Library/Developer/CommandLineTools/SDKs/MacOSX12.3.sdk/usr/include/c++/v1]
  ignore line: [ /Library/Developer/CommandLineTools/usr/lib/clang/13.1.6/include]
  ignore line: [ /Library/Developer/CommandLineTools/SDKs/MacOSX12.3.sdk/usr/include]
  ignore line: [ /Library/Developer/CommandLineTools/usr/include]
  ignore line: [ /Library/Developer/CommandLineTools/SDKs/MacOSX12.3.sdk/System/Library/Frameworks (framework directory)]
  ignore line: [End of search list.]
  ignore line: [[2/2] Linking CXX executable cmTC_047a8]
  ignore line: [Apple clang version 13.1.6 (clang-1316.0.21.2)]
  ignore line: [Target: arm64-apple-darwin21.2.0]
  ignore line: [Thread model: posix]
  ignore line: [InstalledDir: /Library/Developer/CommandLineTools/usr/bin]
  link line: [ "/Library/Developer/CommandLineTools/usr/bin/ld" -demangle -lto_library /Library/Developer/CommandLineTools/usr/lib/libLTO.dylib -dynamic -arch arm64 -platform_version macos 12.1.0 12.3 -syslibroot /Library/Developer/CommandLineTools/SDKs/MacOSX12.3.sdk -o cmTC_047a8 -search_paths_first -headerpad_max_install_names -v CMakeFiles/cmTC_047a8.dir/CMakeCXXCompilerABI.cpp.o -lc++ -lSystem /Library/Developer/CommandLineTools/usr/lib/clang/13.1.6/lib/darwin/libclang_rt.osx.a]
    arg [/Library/Developer/CommandLineTools/usr/bin/ld] ==> ignore
    arg [-demangle] ==> ignore
    arg [-lto_library] ==> ignore, skip following value
    arg [/Library/Developer/CommandLineTools/usr/lib/libLTO.dylib] ==> skip value of -lto_library
    arg [-dynamic] ==> ignore
    arg [-arch] ==> ignore
    arg [arm64] ==> ignore
    arg [-platform_version] ==> ignore
    arg [macos] ==> ignore
    arg [12.1.0] ==> ignore
    arg [12.3] ==> ignore
    arg [-syslibroot] ==> ignore
    arg [/Library/Developer/CommandLineTools/SDKs/MacOSX12.3.sdk] ==> ignore
    arg [-o] ==> ignore
    arg [cmTC_047a8] ==> ignore
    arg [-search_paths_first] ==> ignore
    arg [-headerpad_max_install_names] ==> ignore
    arg [-v] ==> ignore
    arg [CMakeFiles/cmTC_047a8.dir/CMakeCXXCompilerABI.cpp.o] ==> ignore
    arg [-lc++] ==> lib [c++]
    arg [-lSystem] ==> lib [System]
    arg [/Library/Developer/CommandLineTools/usr/lib/clang/13.1.6/lib/darwin/libclang_rt.osx.a] ==> lib [/Library/Developer/CommandLineTools/usr/lib/clang/13.1.6/lib/darwin/libclang_rt.osx.a]
  Library search paths: [;/Library/Developer/CommandLineTools/SDKs/MacOSX12.3.sdk/usr/lib]
  Framework search paths: [;/Library/Developer/CommandLineTools/SDKs/MacOSX12.3.sdk/System/Library/Frameworks/]
  remove lib [System]
  remove lib [/Library/Developer/CommandLineTools/usr/lib/clang/13.1.6/lib/darwin/libclang_rt.osx.a]
  collapse library dir [/Library/Developer/CommandLineTools/SDKs/MacOSX12.3.sdk/usr/lib] ==> [/Library/Developer/CommandLineTools/SDKs/MacOSX12.3.sdk/usr/lib]
  collapse framework dir [/Library/Developer/CommandLineTools/SDKs/MacOSX12.3.sdk/System/Library/Frameworks/] ==> [/Library/Developer/CommandLineTools/SDKs/MacOSX12.3.sdk/System/Library/Frameworks]
  implicit libs: [c++]
  implicit objs: []
  implicit dirs: [/Library/Developer/CommandLineTools/SDKs/MacOSX12.3.sdk/usr/lib]
  implicit fwks: [/Library/Developer/CommandLineTools/SDKs/MacOSX12.3.sdk/System/Library/Frameworks]


Determining if the include file sys/types.h exists passed with the following output:
Change Dir: /Users/cheese/Src/CSrc/mysql-connector-c-6.1.11-src/cmake-build-debug/CMakeFiles/CMakeTmp

Run Build Command(s):/Applications/CLion.app/Contents/bin/ninja/mac/ninja cmTC_7ea6e && [1/2] Building C object CMakeFiles/cmTC_7ea6e.dir/CheckIncludeFile.c.o
[2/2] Linking C executable cmTC_7ea6e



Determining if the include file stdint.h exists passed with the following output:
Change Dir: /Users/cheese/Src/CSrc/mysql-connector-c-6.1.11-src/cmake-build-debug/CMakeFiles/CMakeTmp

Run Build Command(s):/Applications/CLion.app/Contents/bin/ninja/mac/ninja cmTC_9622e && [1/2] Building C object CMakeFiles/cmTC_9622e.dir/CheckIncludeFile.c.o
[2/2] Linking C executable cmTC_9622e



Determining if the include file stddef.h exists passed with the following output:
Change Dir: /Users/cheese/Src/CSrc/mysql-connector-c-6.1.11-src/cmake-build-debug/CMakeFiles/CMakeTmp

Run Build Command(s):/Applications/CLion.app/Contents/bin/ninja/mac/ninja cmTC_23178 && [1/2] Building C object CMakeFiles/cmTC_23178.dir/CheckIncludeFile.c.o
[2/2] Linking C executable cmTC_23178



Determining size of void * passed with the following output:
Change Dir: /Users/cheese/Src/CSrc/mysql-connector-c-6.1.11-src/cmake-build-debug/CMakeFiles/CMakeTmp

Run Build Command(s):/Applications/CLion.app/Contents/bin/ninja/mac/ninja cmTC_c83d7 && [1/2] Building C object CMakeFiles/cmTC_c83d7.dir/SIZEOF_VOIDP.c.o
[2/2] Linking C executable cmTC_c83d7



Performing C++ SOURCE FILE Test HAVE_LLVM_LIBCPP succeeded with the following compile output:
Change Dir: /Users/cheese/Src/CSrc/mysql-connector-c-6.1.11-src/cmake-build-debug/CMakeFiles/CMakeTmp

Run Build Command(s):/Applications/CLion.app/Contents/bin/ninja/mac/ninja cmTC_108b1 && [1/2] Building CXX object CMakeFiles/cmTC_108b1.dir/src.cxx.o
[2/2] Linking CXX executable cmTC_108b1


...and run output:

Return value: 1
Source file was:

#include <ciso646>
int main()
{
#ifdef _LIBCPP_VERSION
  return 0;
#else
  return 1;
#endif
}
Determining if the include file pthread.h exists passed with the following output:
Change Dir: /Users/cheese/Src/CSrc/mysql-connector-c-6.1.11-src/cmake-build-debug/CMakeFiles/CMakeTmp

Run Build Command(s):/Applications/CLion.app/Contents/bin/ninja/mac/ninja cmTC_61382 && [1/2] Building C object CMakeFiles/cmTC_61382.dir/CheckIncludeFile.c.o
[2/2] Linking C executable cmTC_61382



Performing C SOURCE FILE Test CMAKE_HAVE_LIBC_PTHREAD succeeded with the following output:
Change Dir: /Users/cheese/Src/CSrc/mysql-connector-c-6.1.11-src/cmake-build-debug/CMakeFiles/CMakeTmp

Run Build Command(s):/Applications/CLion.app/Contents/bin/ninja/mac/ninja cmTC_5eb12 && [1/2] Building C object CMakeFiles/cmTC_5eb12.dir/src.c.o
[2/2] Linking C executable cmTC_5eb12


Source file was:
#include <pthread.h>

static void* test_func(void* data)
{
  return data;
}

int main(void)
{
  pthread_t thread;
  pthread_create(&thread, NULL, test_func, NULL);
  pthread_detach(thread);
  pthread_cancel(thread);
  pthread_join(thread, NULL);
  pthread_atfork(NULL, NULL, NULL);
  pthread_exit(NULL);

  return 0;
}

Determining if the function floor exists passed with the following output:
Change Dir: /Users/cheese/Src/CSrc/mysql-connector-c-6.1.11-src/cmake-build-debug/CMakeFiles/CMakeTmp

Run Build Command(s):/Applications/CLion.app/Contents/bin/ninja/mac/ninja cmTC_c3cc2 && [1/2] Building C object CMakeFiles/cmTC_c3cc2.dir/CheckFunctionExists.c.o
/Applications/CLion.app/Contents/bin/cmake/mac/share/cmake-3.22/Modules/CheckFunctionExists.c:7:3: warning: incompatible redeclaration of library function 'floor' [-Wincompatible-library-redeclaration]
  CHECK_FUNCTION_EXISTS(void);
  ^
<command line>:1:31: note: expanded from here
#define CHECK_FUNCTION_EXISTS floor
                              ^
/Applications/CLion.app/Contents/bin/cmake/mac/share/cmake-3.22/Modules/CheckFunctionExists.c:7:3: note: 'floor' is a builtin with type 'double (double)'
<command line>:1:31: note: expanded from here
#define CHECK_FUNCTION_EXISTS floor
                              ^
1 warning generated.
[2/2] Linking C executable cmTC_c3cc2



Determining if the function bind exists passed with the following output:
Change Dir: /Users/cheese/Src/CSrc/mysql-connector-c-6.1.11-src/cmake-build-debug/CMakeFiles/CMakeTmp

Run Build Command(s):/Applications/CLion.app/Contents/bin/ninja/mac/ninja cmTC_e5eb9 && [1/2] Building C object CMakeFiles/cmTC_e5eb9.dir/CheckFunctionExists.c.o
[2/2] Linking C executable cmTC_e5eb9



Determining if the function crypt exists passed with the following output:
Change Dir: /Users/cheese/Src/CSrc/mysql-connector-c-6.1.11-src/cmake-build-debug/CMakeFiles/CMakeTmp

Run Build Command(s):/Applications/CLion.app/Contents/bin/ninja/mac/ninja cmTC_2dee5 && [1/2] Building C object CMakeFiles/cmTC_2dee5.dir/CheckFunctionExists.c.o
[2/2] Linking C executable cmTC_2dee5



Determining if the function setsockopt exists passed with the following output:
Change Dir: /Users/cheese/Src/CSrc/mysql-connector-c-6.1.11-src/cmake-build-debug/CMakeFiles/CMakeTmp

Run Build Command(s):/Applications/CLion.app/Contents/bin/ninja/mac/ninja cmTC_92d40 && [1/2] Building C object CMakeFiles/cmTC_92d40.dir/CheckFunctionExists.c.o
[2/2] Linking C executable cmTC_92d40



Determining if the function dlopen exists passed with the following output:
Change Dir: /Users/cheese/Src/CSrc/mysql-connector-c-6.1.11-src/cmake-build-debug/CMakeFiles/CMakeTmp

Run Build Command(s):/Applications/CLion.app/Contents/bin/ninja/mac/ninja cmTC_be97d && [1/2] Building C object CMakeFiles/cmTC_be97d.dir/CheckFunctionExists.c.o
[2/2] Linking C executable cmTC_be97d



Determining if the function sched_yield exists passed with the following output:
Change Dir: /Users/cheese/Src/CSrc/mysql-connector-c-6.1.11-src/cmake-build-debug/CMakeFiles/CMakeTmp

Run Build Command(s):/Applications/CLion.app/Contents/bin/ninja/mac/ninja cmTC_fa57f && [1/2] Building C object CMakeFiles/cmTC_fa57f.dir/CheckFunctionExists.c.o
[2/2] Linking C executable cmTC_fa57f



Determining if the function clock_gettime exists passed with the following output:
Change Dir: /Users/cheese/Src/CSrc/mysql-connector-c-6.1.11-src/cmake-build-debug/CMakeFiles/CMakeTmp

Run Build Command(s):/Applications/CLion.app/Contents/bin/ninja/mac/ninja cmTC_a1557 && [1/2] Building C object CMakeFiles/cmTC_a1557.dir/CheckFunctionExists.c.o
[2/2] Linking C executable cmTC_a1557



Determining if the function atomic_thread_fence exists passed with the following output:
Change Dir: /Users/cheese/Src/CSrc/mysql-connector-c-6.1.11-src/cmake-build-debug/CMakeFiles/CMakeTmp

Run Build Command(s):/Applications/CLion.app/Contents/bin/ninja/mac/ninja cmTC_0da92 && [1/2] Building C object CMakeFiles/cmTC_0da92.dir/CheckFunctionExists.c.o
[2/2] Linking C executable cmTC_0da92



Determining if files alloca.h exist passed with the following output:
Change Dir: /Users/cheese/Src/CSrc/mysql-connector-c-6.1.11-src/cmake-build-debug/CMakeFiles/CMakeTmp

Run Build Command(s):/Applications/CLion.app/Contents/bin/ninja/mac/ninja cmTC_8bf65 && [1/2] Building C object CMakeFiles/cmTC_8bf65.dir/HAVE_ALLOCA_H.c.o
[2/2] Linking C executable cmTC_8bf65



Determining if files arpa/inet.h exist passed with the following output:
Change Dir: /Users/cheese/Src/CSrc/mysql-connector-c-6.1.11-src/cmake-build-debug/CMakeFiles/CMakeTmp

Run Build Command(s):/Applications/CLion.app/Contents/bin/ninja/mac/ninja cmTC_fcb31 && [1/2] Building C object CMakeFiles/cmTC_fcb31.dir/HAVE_ARPA_INET_H.c.o
[2/2] Linking C executable cmTC_fcb31



Determining if files dirent.h exist passed with the following output:
Change Dir: /Users/cheese/Src/CSrc/mysql-connector-c-6.1.11-src/cmake-build-debug/CMakeFiles/CMakeTmp

Run Build Command(s):/Applications/CLion.app/Contents/bin/ninja/mac/ninja cmTC_216b0 && [1/2] Building C object CMakeFiles/cmTC_216b0.dir/HAVE_DIRENT_H.c.o
[2/2] Linking C executable cmTC_216b0



Determining if files dlfcn.h exist passed with the following output:
Change Dir: /Users/cheese/Src/CSrc/mysql-connector-c-6.1.11-src/cmake-build-debug/CMakeFiles/CMakeTmp

Run Build Command(s):/Applications/CLion.app/Contents/bin/ninja/mac/ninja cmTC_8732a && [1/2] Building C object CMakeFiles/cmTC_8732a.dir/HAVE_DLFCN_H.c.o
[2/2] Linking C executable cmTC_8732a



Determining if files execinfo.h exist passed with the following output:
Change Dir: /Users/cheese/Src/CSrc/mysql-connector-c-6.1.11-src/cmake-build-debug/CMakeFiles/CMakeTmp

Run Build Command(s):/Applications/CLion.app/Contents/bin/ninja/mac/ninja cmTC_282a2 && [1/2] Building C object CMakeFiles/cmTC_282a2.dir/HAVE_EXECINFO_H.c.o
[2/2] Linking C executable cmTC_282a2



Determining if files grp.h exist passed with the following output:
Change Dir: /Users/cheese/Src/CSrc/mysql-connector-c-6.1.11-src/cmake-build-debug/CMakeFiles/CMakeTmp

Run Build Command(s):/Applications/CLion.app/Contents/bin/ninja/mac/ninja cmTC_0d25c && [1/2] Building C object CMakeFiles/cmTC_0d25c.dir/HAVE_GRP_H.c.o
[2/2] Linking C executable cmTC_0d25c



Determining if files langinfo.h exist passed with the following output:
Change Dir: /Users/cheese/Src/CSrc/mysql-connector-c-6.1.11-src/cmake-build-debug/CMakeFiles/CMakeTmp

Run Build Command(s):/Applications/CLion.app/Contents/bin/ninja/mac/ninja cmTC_c6ea1 && [1/2] Building C object CMakeFiles/cmTC_c6ea1.dir/HAVE_LANGINFO_H.c.o
[2/2] Linking C executable cmTC_c6ea1



Determining if files netinet/in.h exist passed with the following output:
Change Dir: /Users/cheese/Src/CSrc/mysql-connector-c-6.1.11-src/cmake-build-debug/CMakeFiles/CMakeTmp

Run Build Command(s):/Applications/CLion.app/Contents/bin/ninja/mac/ninja cmTC_f1a03 && [1/2] Building C object CMakeFiles/cmTC_f1a03.dir/HAVE_NETINET_IN_H.c.o
[2/2] Linking C executable cmTC_f1a03



Determining if files poll.h exist passed with the following output:
Change Dir: /Users/cheese/Src/CSrc/mysql-connector-c-6.1.11-src/cmake-build-debug/CMakeFiles/CMakeTmp

Run Build Command(s):/Applications/CLion.app/Contents/bin/ninja/mac/ninja cmTC_29a79 && [1/2] Building C object CMakeFiles/cmTC_29a79.dir/HAVE_POLL_H.c.o
[2/2] Linking C executable cmTC_29a79



Determining if files pwd.h exist passed with the following output:
Change Dir: /Users/cheese/Src/CSrc/mysql-connector-c-6.1.11-src/cmake-build-debug/CMakeFiles/CMakeTmp

Run Build Command(s):/Applications/CLion.app/Contents/bin/ninja/mac/ninja cmTC_ea2fe && [1/2] Building C object CMakeFiles/cmTC_ea2fe.dir/HAVE_PWD_H.c.o
[2/2] Linking C executable cmTC_ea2fe



Determining if files strings.h exist passed with the following output:
Change Dir: /Users/cheese/Src/CSrc/mysql-connector-c-6.1.11-src/cmake-build-debug/CMakeFiles/CMakeTmp

Run Build Command(s):/Applications/CLion.app/Contents/bin/ninja/mac/ninja cmTC_d8929 && [1/2] Building C object CMakeFiles/cmTC_d8929.dir/HAVE_STRINGS_H.c.o
[2/2] Linking C executable cmTC_d8929



Determining if files sys/cdefs.h exist passed with the following output:
Change Dir: /Users/cheese/Src/CSrc/mysql-connector-c-6.1.11-src/cmake-build-debug/CMakeFiles/CMakeTmp

Run Build Command(s):/Applications/CLion.app/Contents/bin/ninja/mac/ninja cmTC_d9e2e && [1/2] Building C object CMakeFiles/cmTC_d9e2e.dir/HAVE_SYS_CDEFS_H.c.o
[2/2] Linking C executable cmTC_d9e2e



Determining if files sys/ioctl.h exist passed with the following output:
Change Dir: /Users/cheese/Src/CSrc/mysql-connector-c-6.1.11-src/cmake-build-debug/CMakeFiles/CMakeTmp

Run Build Command(s):/Applications/CLion.app/Contents/bin/ninja/mac/ninja cmTC_147d1 && [1/2] Building C object CMakeFiles/cmTC_147d1.dir/HAVE_SYS_IOCTL_H.c.o
[2/2] Linking C executable cmTC_147d1



Determining if files sys/mman.h exist passed with the following output:
Change Dir: /Users/cheese/Src/CSrc/mysql-connector-c-6.1.11-src/cmake-build-debug/CMakeFiles/CMakeTmp

Run Build Command(s):/Applications/CLion.app/Contents/bin/ninja/mac/ninja cmTC_a4aab && [1/2] Building C object CMakeFiles/cmTC_a4aab.dir/HAVE_SYS_MMAN_H.c.o
[2/2] Linking C executable cmTC_a4aab



Determining if files sys/resource.h exist passed with the following output:
Change Dir: /Users/cheese/Src/CSrc/mysql-connector-c-6.1.11-src/cmake-build-debug/CMakeFiles/CMakeTmp

Run Build Command(s):/Applications/CLion.app/Contents/bin/ninja/mac/ninja cmTC_40c7e && [1/2] Building C object CMakeFiles/cmTC_40c7e.dir/HAVE_SYS_RESOURCE_H.c.o
[2/2] Linking C executable cmTC_40c7e



Determining if files sys/select.h exist passed with the following output:
Change Dir: /Users/cheese/Src/CSrc/mysql-connector-c-6.1.11-src/cmake-build-debug/CMakeFiles/CMakeTmp

Run Build Command(s):/Applications/CLion.app/Contents/bin/ninja/mac/ninja cmTC_819d4 && [1/2] Building C object CMakeFiles/cmTC_819d4.dir/HAVE_SYS_SELECT_H.c.o
[2/2] Linking C executable cmTC_819d4



Determining if files sys/socket.h exist passed with the following output:
Change Dir: /Users/cheese/Src/CSrc/mysql-connector-c-6.1.11-src/cmake-build-debug/CMakeFiles/CMakeTmp

Run Build Command(s):/Applications/CLion.app/Contents/bin/ninja/mac/ninja cmTC_8bb9e && [1/2] Building C object CMakeFiles/cmTC_8bb9e.dir/HAVE_SYS_SOCKET_H.c.o
[2/2] Linking C executable cmTC_8bb9e



Determining if files curses.h;term.h exist passed with the following output:
Change Dir: /Users/cheese/Src/CSrc/mysql-connector-c-6.1.11-src/cmake-build-debug/CMakeFiles/CMakeTmp

Run Build Command(s):/Applications/CLion.app/Contents/bin/ninja/mac/ninja cmTC_777be && [1/2] Building C object CMakeFiles/cmTC_777be.dir/HAVE_TERM_H.c.o
[2/2] Linking C executable cmTC_777be



Determining if files termios.h exist passed with the following output:
Change Dir: /Users/cheese/Src/CSrc/mysql-connector-c-6.1.11-src/cmake-build-debug/CMakeFiles/CMakeTmp

Run Build Command(s):/Applications/CLion.app/Contents/bin/ninja/mac/ninja cmTC_518cf && [1/2] Building C object CMakeFiles/cmTC_518cf.dir/HAVE_TERMIOS_H.c.o
[2/2] Linking C executable cmTC_518cf



Determining if files unistd.h exist passed with the following output:
Change Dir: /Users/cheese/Src/CSrc/mysql-connector-c-6.1.11-src/cmake-build-debug/CMakeFiles/CMakeTmp

Run Build Command(s):/Applications/CLion.app/Contents/bin/ninja/mac/ninja cmTC_6fef2 && [1/2] Building C object CMakeFiles/cmTC_6fef2.dir/HAVE_UNISTD_H.c.o
[2/2] Linking C executable cmTC_6fef2



Determining if files sys/wait.h exist passed with the following output:
Change Dir: /Users/cheese/Src/CSrc/mysql-connector-c-6.1.11-src/cmake-build-debug/CMakeFiles/CMakeTmp

Run Build Command(s):/Applications/CLion.app/Contents/bin/ninja/mac/ninja cmTC_a383e && [1/2] Building C object CMakeFiles/cmTC_a383e.dir/HAVE_SYS_WAIT_H.c.o
[2/2] Linking C executable cmTC_a383e



Determining if files sys/param.h exist passed with the following output:
Change Dir: /Users/cheese/Src/CSrc/mysql-connector-c-6.1.11-src/cmake-build-debug/CMakeFiles/CMakeTmp

Run Build Command(s):/Applications/CLion.app/Contents/bin/ninja/mac/ninja cmTC_a73e1 && [1/2] Building C object CMakeFiles/cmTC_a73e1.dir/HAVE_SYS_PARAM_H.c.o
[2/2] Linking C executable cmTC_a73e1



Determining if files fnmatch.h exist passed with the following output:
Change Dir: /Users/cheese/Src/CSrc/mysql-connector-c-6.1.11-src/cmake-build-debug/CMakeFiles/CMakeTmp

Run Build Command(s):/Applications/CLion.app/Contents/bin/ninja/mac/ninja cmTC_a3547 && [1/2] Building C object CMakeFiles/cmTC_a3547.dir/HAVE_FNMATCH_H.c.o
[2/2] Linking C executable cmTC_a3547



Determining if files sys/un.h exist passed with the following output:
Change Dir: /Users/cheese/Src/CSrc/mysql-connector-c-6.1.11-src/cmake-build-debug/CMakeFiles/CMakeTmp

Run Build Command(s):/Applications/CLion.app/Contents/bin/ninja/mac/ninja cmTC_5aca6 && [1/2] Building C object CMakeFiles/cmTC_5aca6.dir/HAVE_SYS_UN_H.c.o
[2/2] Linking C executable cmTC_5aca6



Determining if files vis.h exist passed with the following output:
Change Dir: /Users/cheese/Src/CSrc/mysql-connector-c-6.1.11-src/cmake-build-debug/CMakeFiles/CMakeTmp

Run Build Command(s):/Applications/CLion.app/Contents/bin/ninja/mac/ninja cmTC_30fed && [1/2] Building C object CMakeFiles/cmTC_30fed.dir/HAVE_VIS_H.c.o
[2/2] Linking C executable cmTC_30fed



Determining if files sasl/sasl.h exist passed with the following output:
Change Dir: /Users/cheese/Src/CSrc/mysql-connector-c-6.1.11-src/cmake-build-debug/CMakeFiles/CMakeTmp

Run Build Command(s):/Applications/CLion.app/Contents/bin/ninja/mac/ninja cmTC_b4fd7 && [1/2] Building C object CMakeFiles/cmTC_b4fd7.dir/HAVE_SASL_SASL_H.c.o
[2/2] Linking C executable cmTC_b4fd7



Determining if the TAILQ_FOREACH exist passed with the following output:
Change Dir: /Users/cheese/Src/CSrc/mysql-connector-c-6.1.11-src/cmake-build-debug/CMakeFiles/CMakeTmp

Run Build Command(s):/Applications/CLion.app/Contents/bin/ninja/mac/ninja cmTC_10522 && [1/2] Building C object CMakeFiles/cmTC_10522.dir/CheckSymbolExists.c.o
[2/2] Linking C executable cmTC_10522


File /Users/cheese/Src/CSrc/mysql-connector-c-6.1.11-src/cmake-build-debug/CMakeFiles/CMakeTmp/CheckSymbolExists.c:
/* */
#include <sys/queue.h>

int main(int argc, char** argv)
{
  (void)argv;
#ifndef TAILQ_FOREACH
  return ((int*)(&TAILQ_FOREACH))[argc];
#else
  (void)argc;
  return 0;
#endif
}
Determining if the function backtrace exists passed with the following output:
Change Dir: /Users/cheese/Src/CSrc/mysql-connector-c-6.1.11-src/cmake-build-debug/CMakeFiles/CMakeTmp

Run Build Command(s):/Applications/CLion.app/Contents/bin/ninja/mac/ninja cmTC_7b897 && [1/2] Building C object CMakeFiles/cmTC_7b897.dir/CheckFunctionExists.c.o
[2/2] Linking C executable cmTC_7b897



Determining if the function index exists passed with the following output:
Change Dir: /Users/cheese/Src/CSrc/mysql-connector-c-6.1.11-src/cmake-build-debug/CMakeFiles/CMakeTmp

Run Build Command(s):/Applications/CLion.app/Contents/bin/ninja/mac/ninja cmTC_38044 && [1/2] Building C object CMakeFiles/cmTC_38044.dir/CheckFunctionExists.c.o
/Applications/CLion.app/Contents/bin/cmake/mac/share/cmake-3.22/Modules/CheckFunctionExists.c:7:3: warning: incompatible redeclaration of library function 'index' [-Wincompatible-library-redeclaration]
  CHECK_FUNCTION_EXISTS(void);
  ^
<command line>:1:31: note: expanded from here
#define CHECK_FUNCTION_EXISTS index
                              ^
/Applications/CLion.app/Contents/bin/cmake/mac/share/cmake-3.22/Modules/CheckFunctionExists.c:7:3: note: 'index' is a builtin with type 'char *(const char *, int)'
<command line>:1:31: note: expanded from here
#define CHECK_FUNCTION_EXISTS index
                              ^
1 warning generated.
[2/2] Linking C executable cmTC_38044



Determining if the function clock_gettime exists passed with the following output:
Change Dir: /Users/cheese/Src/CSrc/mysql-connector-c-6.1.11-src/cmake-build-debug/CMakeFiles/CMakeTmp

Run Build Command(s):/Applications/CLion.app/Contents/bin/ninja/mac/ninja cmTC_ea29f && [1/2] Building C object CMakeFiles/cmTC_ea29f.dir/CheckFunctionExists.c.o
[2/2] Linking C executable cmTC_ea29f



Determining if the function ftruncate exists passed with the following output:
Change Dir: /Users/cheese/Src/CSrc/mysql-connector-c-6.1.11-src/cmake-build-debug/CMakeFiles/CMakeTmp

Run Build Command(s):/Applications/CLion.app/Contents/bin/ninja/mac/ninja cmTC_1d0ee && [1/2] Building C object CMakeFiles/cmTC_1d0ee.dir/CheckFunctionExists.c.o
[2/2] Linking C executable cmTC_1d0ee



Determining if the function crypt exists passed with the following output:
Change Dir: /Users/cheese/Src/CSrc/mysql-connector-c-6.1.11-src/cmake-build-debug/CMakeFiles/CMakeTmp

Run Build Command(s):/Applications/CLion.app/Contents/bin/ninja/mac/ninja cmTC_a0f2f && [1/2] Building C object CMakeFiles/cmTC_a0f2f.dir/CheckFunctionExists.c.o
[2/2] Linking C executable cmTC_a0f2f



Determining if the function dlopen exists passed with the following output:
Change Dir: /Users/cheese/Src/CSrc/mysql-connector-c-6.1.11-src/cmake-build-debug/CMakeFiles/CMakeTmp

Run Build Command(s):/Applications/CLion.app/Contents/bin/ninja/mac/ninja cmTC_1f479 && [1/2] Building C object CMakeFiles/cmTC_1f479.dir/CheckFunctionExists.c.o
[2/2] Linking C executable cmTC_1f479



Determining if the function fchmod exists passed with the following output:
Change Dir: /Users/cheese/Src/CSrc/mysql-connector-c-6.1.11-src/cmake-build-debug/CMakeFiles/CMakeTmp

Run Build Command(s):/Applications/CLion.app/Contents/bin/ninja/mac/ninja cmTC_40802 && [1/2] Building C object CMakeFiles/cmTC_40802.dir/CheckFunctionExists.c.o
[2/2] Linking C executable cmTC_40802



Determining if the function fcntl exists passed with the following output:
Change Dir: /Users/cheese/Src/CSrc/mysql-connector-c-6.1.11-src/cmake-build-debug/CMakeFiles/CMakeTmp

Run Build Command(s):/Applications/CLion.app/Contents/bin/ninja/mac/ninja cmTC_6065c && [1/2] Building C object CMakeFiles/cmTC_6065c.dir/CheckFunctionExists.c.o
[2/2] Linking C executable cmTC_6065c



Determining if the function fdatasync exists passed with the following output:
Change Dir: /Users/cheese/Src/CSrc/mysql-connector-c-6.1.11-src/cmake-build-debug/CMakeFiles/CMakeTmp

Run Build Command(s):/Applications/CLion.app/Contents/bin/ninja/mac/ninja cmTC_8ea89 && [1/2] Building C object CMakeFiles/cmTC_8ea89.dir/CheckFunctionExists.c.o
[2/2] Linking C executable cmTC_8ea89



Determining if the function fseeko exists passed with the following output:
Change Dir: /Users/cheese/Src/CSrc/mysql-connector-c-6.1.11-src/cmake-build-debug/CMakeFiles/CMakeTmp

Run Build Command(s):/Applications/CLion.app/Contents/bin/ninja/mac/ninja cmTC_55d1c && [1/2] Building C object CMakeFiles/cmTC_55d1c.dir/CheckFunctionExists.c.o
[2/2] Linking C executable cmTC_55d1c



Determining if the function fsync exists passed with the following output:
Change Dir: /Users/cheese/Src/CSrc/mysql-connector-c-6.1.11-src/cmake-build-debug/CMakeFiles/CMakeTmp

Run Build Command(s):/Applications/CLion.app/Contents/bin/ninja/mac/ninja cmTC_c000d && [1/2] Building C object CMakeFiles/cmTC_c000d.dir/CheckFunctionExists.c.o
[2/2] Linking C executable cmTC_c000d



Determining if the function getnameinfo exists passed with the following output:
Change Dir: /Users/cheese/Src/CSrc/mysql-connector-c-6.1.11-src/cmake-build-debug/CMakeFiles/CMakeTmp

Run Build Command(s):/Applications/CLion.app/Contents/bin/ninja/mac/ninja cmTC_9e42c && [1/2] Building C object CMakeFiles/cmTC_9e42c.dir/CheckFunctionExists.c.o
[2/2] Linking C executable cmTC_9e42c



Determining if the function getpass exists passed with the following output:
Change Dir: /Users/cheese/Src/CSrc/mysql-connector-c-6.1.11-src/cmake-build-debug/CMakeFiles/CMakeTmp

Run Build Command(s):/Applications/CLion.app/Contents/bin/ninja/mac/ninja cmTC_6ff9d && [1/2] Building C object CMakeFiles/cmTC_6ff9d.dir/CheckFunctionExists.c.o
[2/2] Linking C executable cmTC_6ff9d



Determining if the function getpwnam exists passed with the following output:
Change Dir: /Users/cheese/Src/CSrc/mysql-connector-c-6.1.11-src/cmake-build-debug/CMakeFiles/CMakeTmp

Run Build Command(s):/Applications/CLion.app/Contents/bin/ninja/mac/ninja cmTC_3c40e && [1/2] Building C object CMakeFiles/cmTC_3c40e.dir/CheckFunctionExists.c.o
[2/2] Linking C executable cmTC_3c40e



Determining if the function getpwuid exists passed with the following output:
Change Dir: /Users/cheese/Src/CSrc/mysql-connector-c-6.1.11-src/cmake-build-debug/CMakeFiles/CMakeTmp

Run Build Command(s):/Applications/CLion.app/Contents/bin/ninja/mac/ninja cmTC_9b132 && [1/2] Building C object CMakeFiles/cmTC_9b132.dir/CheckFunctionExists.c.o
[2/2] Linking C executable cmTC_9b132



Determining if the function getrlimit exists passed with the following output:
Change Dir: /Users/cheese/Src/CSrc/mysql-connector-c-6.1.11-src/cmake-build-debug/CMakeFiles/CMakeTmp

Run Build Command(s):/Applications/CLion.app/Contents/bin/ninja/mac/ninja cmTC_ddcfa && [1/2] Building C object CMakeFiles/cmTC_ddcfa.dir/CheckFunctionExists.c.o
[2/2] Linking C executable cmTC_ddcfa



Determining if the function getrusage exists passed with the following output:
Change Dir: /Users/cheese/Src/CSrc/mysql-connector-c-6.1.11-src/cmake-build-debug/CMakeFiles/CMakeTmp

Run Build Command(s):/Applications/CLion.app/Contents/bin/ninja/mac/ninja cmTC_638bd && [1/2] Building C object CMakeFiles/cmTC_638bd.dir/CheckFunctionExists.c.o
[2/2] Linking C executable cmTC_638bd



Determining if the function initgroups exists passed with the following output:
Change Dir: /Users/cheese/Src/CSrc/mysql-connector-c-6.1.11-src/cmake-build-debug/CMakeFiles/CMakeTmp

Run Build Command(s):/Applications/CLion.app/Contents/bin/ninja/mac/ninja cmTC_d352f && [1/2] Building C object CMakeFiles/cmTC_d352f.dir/CheckFunctionExists.c.o
[2/2] Linking C executable cmTC_d352f



Determining if the function issetugid exists passed with the following output:
Change Dir: /Users/cheese/Src/CSrc/mysql-connector-c-6.1.11-src/cmake-build-debug/CMakeFiles/CMakeTmp

Run Build Command(s):/Applications/CLion.app/Contents/bin/ninja/mac/ninja cmTC_8b5c4 && [1/2] Building C object CMakeFiles/cmTC_8b5c4.dir/CheckFunctionExists.c.o
[2/2] Linking C executable cmTC_8b5c4



Determining if the function getuid exists passed with the following output:
Change Dir: /Users/cheese/Src/CSrc/mysql-connector-c-6.1.11-src/cmake-build-debug/CMakeFiles/CMakeTmp

Run Build Command(s):/Applications/CLion.app/Contents/bin/ninja/mac/ninja cmTC_c6e57 && [1/2] Building C object CMakeFiles/cmTC_c6e57.dir/CheckFunctionExists.c.o
[2/2] Linking C executable cmTC_c6e57



Determining if the function geteuid exists passed with the following output:
Change Dir: /Users/cheese/Src/CSrc/mysql-connector-c-6.1.11-src/cmake-build-debug/CMakeFiles/CMakeTmp

Run Build Command(s):/Applications/CLion.app/Contents/bin/ninja/mac/ninja cmTC_11c1a && [1/2] Building C object CMakeFiles/cmTC_11c1a.dir/CheckFunctionExists.c.o
[2/2] Linking C executable cmTC_11c1a



Determining if the function getgid exists passed with the following output:
Change Dir: /Users/cheese/Src/CSrc/mysql-connector-c-6.1.11-src/cmake-build-debug/CMakeFiles/CMakeTmp

Run Build Command(s):/Applications/CLion.app/Contents/bin/ninja/mac/ninja cmTC_dcd34 && [1/2] Building C object CMakeFiles/cmTC_dcd34.dir/CheckFunctionExists.c.o
[2/2] Linking C executable cmTC_dcd34



Determining if the function getegid exists passed with the following output:
Change Dir: /Users/cheese/Src/CSrc/mysql-connector-c-6.1.11-src/cmake-build-debug/CMakeFiles/CMakeTmp

Run Build Command(s):/Applications/CLion.app/Contents/bin/ninja/mac/ninja cmTC_5bdbc && [1/2] Building C object CMakeFiles/cmTC_5bdbc.dir/CheckFunctionExists.c.o
[2/2] Linking C executable cmTC_5bdbc



Determining if the function lstat exists passed with the following output:
Change Dir: /Users/cheese/Src/CSrc/mysql-connector-c-6.1.11-src/cmake-build-debug/CMakeFiles/CMakeTmp

Run Build Command(s):/Applications/CLion.app/Contents/bin/ninja/mac/ninja cmTC_01dab && [1/2] Building C object CMakeFiles/cmTC_01dab.dir/CheckFunctionExists.c.o
[2/2] Linking C executable cmTC_01dab



Determining if the function madvise exists passed with the following output:
Change Dir: /Users/cheese/Src/CSrc/mysql-connector-c-6.1.11-src/cmake-build-debug/CMakeFiles/CMakeTmp

Run Build Command(s):/Applications/CLion.app/Contents/bin/ninja/mac/ninja cmTC_b947f && [1/2] Building C object CMakeFiles/cmTC_b947f.dir/CheckFunctionExists.c.o
[2/2] Linking C executable cmTC_b947f



Determining if the function mlock exists passed with the following output:
Change Dir: /Users/cheese/Src/CSrc/mysql-connector-c-6.1.11-src/cmake-build-debug/CMakeFiles/CMakeTmp

Run Build Command(s):/Applications/CLion.app/Contents/bin/ninja/mac/ninja cmTC_339c8 && [1/2] Building C object CMakeFiles/cmTC_339c8.dir/CheckFunctionExists.c.o
[2/2] Linking C executable cmTC_339c8



Determining if the function mlockall exists passed with the following output:
Change Dir: /Users/cheese/Src/CSrc/mysql-connector-c-6.1.11-src/cmake-build-debug/CMakeFiles/CMakeTmp

Run Build Command(s):/Applications/CLion.app/Contents/bin/ninja/mac/ninja cmTC_f8e49 && [1/2] Building C object CMakeFiles/cmTC_f8e49.dir/CheckFunctionExists.c.o
[2/2] Linking C executable cmTC_f8e49



Determining if the function poll exists passed with the following output:
Change Dir: /Users/cheese/Src/CSrc/mysql-connector-c-6.1.11-src/cmake-build-debug/CMakeFiles/CMakeTmp

Run Build Command(s):/Applications/CLion.app/Contents/bin/ninja/mac/ninja cmTC_6a3fa && [1/2] Building C object CMakeFiles/cmTC_6a3fa.dir/CheckFunctionExists.c.o
[2/2] Linking C executable cmTC_6a3fa



Determining if the function posix_memalign exists passed with the following output:
Change Dir: /Users/cheese/Src/CSrc/mysql-connector-c-6.1.11-src/cmake-build-debug/CMakeFiles/CMakeTmp

Run Build Command(s):/Applications/CLion.app/Contents/bin/ninja/mac/ninja cmTC_954aa && [1/2] Building C object CMakeFiles/cmTC_954aa.dir/CheckFunctionExists.c.o
[2/2] Linking C executable cmTC_954aa



Determining if the function pread exists passed with the following output:
Change Dir: /Users/cheese/Src/CSrc/mysql-connector-c-6.1.11-src/cmake-build-debug/CMakeFiles/CMakeTmp

Run Build Command(s):/Applications/CLion.app/Contents/bin/ninja/mac/ninja cmTC_a2ded && [1/2] Building C object CMakeFiles/cmTC_a2ded.dir/CheckFunctionExists.c.o
[2/2] Linking C executable cmTC_a2ded



Determining if the function pthread_sigmask exists passed with the following output:
Change Dir: /Users/cheese/Src/CSrc/mysql-connector-c-6.1.11-src/cmake-build-debug/CMakeFiles/CMakeTmp

Run Build Command(s):/Applications/CLion.app/Contents/bin/ninja/mac/ninja cmTC_b1b24 && [1/2] Building C object CMakeFiles/cmTC_b1b24.dir/CheckFunctionExists.c.o
[2/2] Linking C executable cmTC_b1b24



Determining if the function readdir_r exists passed with the following output:
Change Dir: /Users/cheese/Src/CSrc/mysql-connector-c-6.1.11-src/cmake-build-debug/CMakeFiles/CMakeTmp

Run Build Command(s):/Applications/CLion.app/Contents/bin/ninja/mac/ninja cmTC_1928b && [1/2] Building C object CMakeFiles/cmTC_1928b.dir/CheckFunctionExists.c.o
[2/2] Linking C executable cmTC_1928b



Determining if the function readlink exists passed with the following output:
Change Dir: /Users/cheese/Src/CSrc/mysql-connector-c-6.1.11-src/cmake-build-debug/CMakeFiles/CMakeTmp

Run Build Command(s):/Applications/CLion.app/Contents/bin/ninja/mac/ninja cmTC_4e5d0 && [1/2] Building C object CMakeFiles/cmTC_4e5d0.dir/CheckFunctionExists.c.o
[2/2] Linking C executable cmTC_4e5d0



Determining if the function realpath exists passed with the following output:
Change Dir: /Users/cheese/Src/CSrc/mysql-connector-c-6.1.11-src/cmake-build-debug/CMakeFiles/CMakeTmp

Run Build Command(s):/Applications/CLion.app/Contents/bin/ninja/mac/ninja cmTC_a475f && [1/2] Building C object CMakeFiles/cmTC_a475f.dir/CheckFunctionExists.c.o
[2/2] Linking C executable cmTC_a475f



Determining if the function sigaction exists passed with the following output:
Change Dir: /Users/cheese/Src/CSrc/mysql-connector-c-6.1.11-src/cmake-build-debug/CMakeFiles/CMakeTmp

Run Build Command(s):/Applications/CLion.app/Contents/bin/ninja/mac/ninja cmTC_40861 && [1/2] Building C object CMakeFiles/cmTC_40861.dir/CheckFunctionExists.c.o
[2/2] Linking C executable cmTC_40861



Determining if the function sleep exists passed with the following output:
Change Dir: /Users/cheese/Src/CSrc/mysql-connector-c-6.1.11-src/cmake-build-debug/CMakeFiles/CMakeTmp

Run Build Command(s):/Applications/CLion.app/Contents/bin/ninja/mac/ninja cmTC_02a6d && [1/2] Building C object CMakeFiles/cmTC_02a6d.dir/CheckFunctionExists.c.o
[2/2] Linking C executable cmTC_02a6d



Determining if the function stpcpy exists passed with the following output:
Change Dir: /Users/cheese/Src/CSrc/mysql-connector-c-6.1.11-src/cmake-build-debug/CMakeFiles/CMakeTmp

Run Build Command(s):/Applications/CLion.app/Contents/bin/ninja/mac/ninja cmTC_2f4e2 && [1/2] Building C object CMakeFiles/cmTC_2f4e2.dir/CheckFunctionExists.c.o
/Applications/CLion.app/Contents/bin/cmake/mac/share/cmake-3.22/Modules/CheckFunctionExists.c:7:3: warning: incompatible redeclaration of library function 'stpcpy' [-Wincompatible-library-redeclaration]
  CHECK_FUNCTION_EXISTS(void);
  ^
<command line>:1:31: note: expanded from here
#define CHECK_FUNCTION_EXISTS stpcpy
                              ^
/Applications/CLion.app/Contents/bin/cmake/mac/share/cmake-3.22/Modules/CheckFunctionExists.c:7:3: note: 'stpcpy' is a builtin with type 'char *(char *, const char *)'
<command line>:1:31: note: expanded from here
#define CHECK_FUNCTION_EXISTS stpcpy
                              ^
1 warning generated.
[2/2] Linking C executable cmTC_2f4e2



Determining if the function stpncpy exists passed with the following output:
Change Dir: /Users/cheese/Src/CSrc/mysql-connector-c-6.1.11-src/cmake-build-debug/CMakeFiles/CMakeTmp

Run Build Command(s):/Applications/CLion.app/Contents/bin/ninja/mac/ninja cmTC_3b08f && [1/2] Building C object CMakeFiles/cmTC_3b08f.dir/CheckFunctionExists.c.o
/Applications/CLion.app/Contents/bin/cmake/mac/share/cmake-3.22/Modules/CheckFunctionExists.c:7:3: warning: incompatible redeclaration of library function 'stpncpy' [-Wincompatible-library-redeclaration]
  CHECK_FUNCTION_EXISTS(void);
  ^
<command line>:1:31: note: expanded from here
#define CHECK_FUNCTION_EXISTS stpncpy
                              ^
/Applications/CLion.app/Contents/bin/cmake/mac/share/cmake-3.22/Modules/CheckFunctionExists.c:7:3: note: 'stpncpy' is a builtin with type 'char *(char *, const char *, unsigned long)'
<command line>:1:31: note: expanded from here
#define CHECK_FUNCTION_EXISTS stpncpy
                              ^
1 warning generated.
[2/2] Linking C executable cmTC_3b08f



Determining if the function strlcpy exists passed with the following output:
Change Dir: /Users/cheese/Src/CSrc/mysql-connector-c-6.1.11-src/cmake-build-debug/CMakeFiles/CMakeTmp

Run Build Command(s):/Applications/CLion.app/Contents/bin/ninja/mac/ninja cmTC_f20ca && [1/2] Building C object CMakeFiles/cmTC_f20ca.dir/CheckFunctionExists.c.o
/Applications/CLion.app/Contents/bin/cmake/mac/share/cmake-3.22/Modules/CheckFunctionExists.c:7:3: warning: incompatible redeclaration of library function 'strlcpy' [-Wincompatible-library-redeclaration]
  CHECK_FUNCTION_EXISTS(void);
  ^
<command line>:1:31: note: expanded from here
#define CHECK_FUNCTION_EXISTS strlcpy
                              ^
/Applications/CLion.app/Contents/bin/cmake/mac/share/cmake-3.22/Modules/CheckFunctionExists.c:7:3: note: 'strlcpy' is a builtin with type 'unsigned long (char *, const char *, unsigned long)'
<command line>:1:31: note: expanded from here
#define CHECK_FUNCTION_EXISTS strlcpy
                              ^
1 warning generated.
[2/2] Linking C executable cmTC_f20ca



Determining if the function strndup exists passed with the following output:
Change Dir: /Users/cheese/Src/CSrc/mysql-connector-c-6.1.11-src/cmake-build-debug/CMakeFiles/CMakeTmp

Run Build Command(s):/Applications/CLion.app/Contents/bin/ninja/mac/ninja cmTC_c6027 && [1/2] Building C object CMakeFiles/cmTC_c6027.dir/CheckFunctionExists.c.o
/Applications/CLion.app/Contents/bin/cmake/mac/share/cmake-3.22/Modules/CheckFunctionExists.c:7:3: warning: incompatible redeclaration of library function 'strndup' [-Wincompatible-library-redeclaration]
  CHECK_FUNCTION_EXISTS(void);
  ^
<command line>:1:31: note: expanded from here
#define CHECK_FUNCTION_EXISTS strndup
                              ^
/Applications/CLion.app/Contents/bin/cmake/mac/share/cmake-3.22/Modules/CheckFunctionExists.c:7:3: note: 'strndup' is a builtin with type 'char *(const char *, unsigned long)'
<command line>:1:31: note: expanded from here
#define CHECK_FUNCTION_EXISTS strndup
                              ^
1 warning generated.
[2/2] Linking C executable cmTC_c6027



Determining if the function strnlen exists passed with the following output:
Change Dir: /Users/cheese/Src/CSrc/mysql-connector-c-6.1.11-src/cmake-build-debug/CMakeFiles/CMakeTmp

Run Build Command(s):/Applications/CLion.app/Contents/bin/ninja/mac/ninja cmTC_1c252 && [1/2] Building C object CMakeFiles/cmTC_1c252.dir/CheckFunctionExists.c.o
[2/2] Linking C executable cmTC_1c252



Determining if the function strlcat exists passed with the following output:
Change Dir: /Users/cheese/Src/CSrc/mysql-connector-c-6.1.11-src/cmake-build-debug/CMakeFiles/CMakeTmp

Run Build Command(s):/Applications/CLion.app/Contents/bin/ninja/mac/ninja cmTC_5d7a2 && [1/2] Building C object CMakeFiles/cmTC_5d7a2.dir/CheckFunctionExists.c.o
/Applications/CLion.app/Contents/bin/cmake/mac/share/cmake-3.22/Modules/CheckFunctionExists.c:7:3: warning: incompatible redeclaration of library function 'strlcat' [-Wincompatible-library-redeclaration]
  CHECK_FUNCTION_EXISTS(void);
  ^
<command line>:1:31: note: expanded from here
#define CHECK_FUNCTION_EXISTS strlcat
                              ^
/Applications/CLion.app/Contents/bin/cmake/mac/share/cmake-3.22/Modules/CheckFunctionExists.c:7:3: note: 'strlcat' is a builtin with type 'unsigned long (char *, const char *, unsigned long)'
<command line>:1:31: note: expanded from here
#define CHECK_FUNCTION_EXISTS strlcat
                              ^
1 warning generated.
[2/2] Linking C executable cmTC_5d7a2



Determining if the function strsignal exists passed with the following output:
Change Dir: /Users/cheese/Src/CSrc/mysql-connector-c-6.1.11-src/cmake-build-debug/CMakeFiles/CMakeTmp

Run Build Command(s):/Applications/CLion.app/Contents/bin/ninja/mac/ninja cmTC_84385 && [1/2] Building C object CMakeFiles/cmTC_84385.dir/CheckFunctionExists.c.o
[2/2] Linking C executable cmTC_84385



Determining if the function fgetln exists passed with the following output:
Change Dir: /Users/cheese/Src/CSrc/mysql-connector-c-6.1.11-src/cmake-build-debug/CMakeFiles/CMakeTmp

Run Build Command(s):/Applications/CLion.app/Contents/bin/ninja/mac/ninja cmTC_e13ea && [1/2] Building C object CMakeFiles/cmTC_e13ea.dir/CheckFunctionExists.c.o
[2/2] Linking C executable cmTC_e13ea



Determining if the function strsep exists passed with the following output:
Change Dir: /Users/cheese/Src/CSrc/mysql-connector-c-6.1.11-src/cmake-build-debug/CMakeFiles/CMakeTmp

Run Build Command(s):/Applications/CLion.app/Contents/bin/ninja/mac/ninja cmTC_e5149 && [1/2] Building C object CMakeFiles/cmTC_e5149.dir/CheckFunctionExists.c.o
[2/2] Linking C executable cmTC_e5149



Determining if the function vasprintf exists passed with the following output:
Change Dir: /Users/cheese/Src/CSrc/mysql-connector-c-6.1.11-src/cmake-build-debug/CMakeFiles/CMakeTmp

Run Build Command(s):/Applications/CLion.app/Contents/bin/ninja/mac/ninja cmTC_20f7e && [1/2] Building C object CMakeFiles/cmTC_20f7e.dir/CheckFunctionExists.c.o
/Applications/CLion.app/Contents/bin/cmake/mac/share/cmake-3.22/Modules/CheckFunctionExists.c:17:25: warning: format string missing [-Wformat]
  CHECK_FUNCTION_EXISTS();
  ~~~~~~~~~~~~~~~~~~~~~ ^
1 warning generated.
[2/2] Linking C executable cmTC_20f7e



Determining if the function nl_langinfo exists passed with the following output:
Change Dir: /Users/cheese/Src/CSrc/mysql-connector-c-6.1.11-src/cmake-build-debug/CMakeFiles/CMakeTmp

Run Build Command(s):/Applications/CLion.app/Contents/bin/ninja/mac/ninja cmTC_9d2f6 && [1/2] Building C object CMakeFiles/cmTC_9d2f6.dir/CheckFunctionExists.c.o
[2/2] Linking C executable cmTC_9d2f6



Determining if the function clock_gettime exists passed with the following output:
Change Dir: /Users/cheese/Src/CSrc/mysql-connector-c-6.1.11-src/cmake-build-debug/CMakeFiles/CMakeTmp

Run Build Command(s):/Applications/CLion.app/Contents/bin/ninja/mac/ninja cmTC_9b853 && [1/2] Building C object CMakeFiles/cmTC_9b853.dir/CheckFunctionExists.c.o
[2/2] Linking C executable cmTC_9b853



Determining if the function inet_ntop exists passed with the following output:
Change Dir: /Users/cheese/Src/CSrc/mysql-connector-c-6.1.11-src/cmake-build-debug/CMakeFiles/CMakeTmp

Run Build Command(s):/Applications/CLion.app/Contents/bin/ninja/mac/ninja cmTC_c492d && [1/2] Building C object CMakeFiles/cmTC_c492d.dir/CheckFunctionExists.c.o
[2/2] Linking C executable cmTC_c492d



Determining if the function kqueue exists passed with the following output:
Change Dir: /Users/cheese/Src/CSrc/mysql-connector-c-6.1.11-src/cmake-build-debug/CMakeFiles/CMakeTmp

Run Build Command(s):/Applications/CLion.app/Contents/bin/ninja/mac/ninja cmTC_b1aa5 && [1/2] Building C object CMakeFiles/cmTC_b1aa5.dir/CheckFunctionExists.c.o
[2/2] Linking C executable cmTC_b1aa5



Determining if the timeradd exist passed with the following output:
Change Dir: /Users/cheese/Src/CSrc/mysql-connector-c-6.1.11-src/cmake-build-debug/CMakeFiles/CMakeTmp

Run Build Command(s):/Applications/CLion.app/Contents/bin/ninja/mac/ninja cmTC_f1b03 && [1/2] Building C object CMakeFiles/cmTC_f1b03.dir/CheckSymbolExists.c.o
[2/2] Linking C executable cmTC_f1b03


File /Users/cheese/Src/CSrc/mysql-connector-c-6.1.11-src/cmake-build-debug/CMakeFiles/CMakeTmp/CheckSymbolExists.c:
/* */
#include <sys/time.h>

int main(int argc, char** argv)
{
  (void)argv;
#ifndef timeradd
  return ((int*)(&timeradd))[argc];
#else
  (void)argc;
  return 0;
#endif
}
Determining if the timerclear exist passed with the following output:
Change Dir: /Users/cheese/Src/CSrc/mysql-connector-c-6.1.11-src/cmake-build-debug/CMakeFiles/CMakeTmp

Run Build Command(s):/Applications/CLion.app/Contents/bin/ninja/mac/ninja cmTC_68310 && [1/2] Building C object CMakeFiles/cmTC_68310.dir/CheckSymbolExists.c.o
[2/2] Linking C executable cmTC_68310


File /Users/cheese/Src/CSrc/mysql-connector-c-6.1.11-src/cmake-build-debug/CMakeFiles/CMakeTmp/CheckSymbolExists.c:
/* */
#include <sys/time.h>

int main(int argc, char** argv)
{
  (void)argv;
#ifndef timerclear
  return ((int*)(&timerclear))[argc];
#else
  (void)argc;
  return 0;
#endif
}
Determining if the timercmp exist passed with the following output:
Change Dir: /Users/cheese/Src/CSrc/mysql-connector-c-6.1.11-src/cmake-build-debug/CMakeFiles/CMakeTmp

Run Build Command(s):/Applications/CLion.app/Contents/bin/ninja/mac/ninja cmTC_38b79 && [1/2] Building C object CMakeFiles/cmTC_38b79.dir/CheckSymbolExists.c.o
[2/2] Linking C executable cmTC_38b79


File /Users/cheese/Src/CSrc/mysql-connector-c-6.1.11-src/cmake-build-debug/CMakeFiles/CMakeTmp/CheckSymbolExists.c:
/* */
#include <sys/time.h>

int main(int argc, char** argv)
{
  (void)argv;
#ifndef timercmp
  return ((int*)(&timercmp))[argc];
#else
  (void)argc;
  return 0;
#endif
}
Determining if the timerisset exist passed with the following output:
Change Dir: /Users/cheese/Src/CSrc/mysql-connector-c-6.1.11-src/cmake-build-debug/CMakeFiles/CMakeTmp

Run Build Command(s):/Applications/CLion.app/Contents/bin/ninja/mac/ninja cmTC_4d154 && [1/2] Building C object CMakeFiles/cmTC_4d154.dir/CheckSymbolExists.c.o
[2/2] Linking C executable cmTC_4d154


File /Users/cheese/Src/CSrc/mysql-connector-c-6.1.11-src/cmake-build-debug/CMakeFiles/CMakeTmp/CheckSymbolExists.c:
/* */
#include <sys/time.h>

int main(int argc, char** argv)
{
  (void)argv;
#ifndef timerisset
  return ((int*)(&timerisset))[argc];
#else
  (void)argc;
  return 0;
#endif
}
Determining if files sys/time.h exist passed with the following output:
Change Dir: /Users/cheese/Src/CSrc/mysql-connector-c-6.1.11-src/cmake-build-debug/CMakeFiles/CMakeTmp

Run Build Command(s):/Applications/CLion.app/Contents/bin/ninja/mac/ninja cmTC_7228b && [1/2] Building C object CMakeFiles/cmTC_7228b.dir/HAVE_SYS_TIME_H.c.o
[2/2] Linking C executable cmTC_7228b



Determining if files sys/times.h exist passed with the following output:
Change Dir: /Users/cheese/Src/CSrc/mysql-connector-c-6.1.11-src/cmake-build-debug/CMakeFiles/CMakeTmp

Run Build Command(s):/Applications/CLion.app/Contents/bin/ninja/mac/ninja cmTC_b0681 && [1/2] Building C object CMakeFiles/cmTC_b0681.dir/HAVE_SYS_TIMES_H.c.o
[2/2] Linking C executable cmTC_b0681



Determining if the function times exists passed with the following output:
Change Dir: /Users/cheese/Src/CSrc/mysql-connector-c-6.1.11-src/cmake-build-debug/CMakeFiles/CMakeTmp

Run Build Command(s):/Applications/CLion.app/Contents/bin/ninja/mac/ninja cmTC_50694 && [1/2] Building C object CMakeFiles/cmTC_50694.dir/CheckFunctionExists.c.o
[2/2] Linking C executable cmTC_50694



Determining if the function gettimeofday exists passed with the following output:
Change Dir: /Users/cheese/Src/CSrc/mysql-connector-c-6.1.11-src/cmake-build-debug/CMakeFiles/CMakeTmp

Run Build Command(s):/Applications/CLion.app/Contents/bin/ninja/mac/ninja cmTC_1019d && [1/2] Building C object CMakeFiles/cmTC_1019d.dir/CheckFunctionExists.c.o
[2/2] Linking C executable cmTC_1019d



Determining if the lrand48 exist passed with the following output:
Change Dir: /Users/cheese/Src/CSrc/mysql-connector-c-6.1.11-src/cmake-build-debug/CMakeFiles/CMakeTmp

Run Build Command(s):/Applications/CLion.app/Contents/bin/ninja/mac/ninja cmTC_38d77 && [1/2] Building C object CMakeFiles/cmTC_38d77.dir/CheckSymbolExists.c.o
[2/2] Linking C executable cmTC_38d77


File /Users/cheese/Src/CSrc/mysql-connector-c-6.1.11-src/cmake-build-debug/CMakeFiles/CMakeTmp/CheckSymbolExists.c:
/* */
#include <stdlib.h>

int main(int argc, char** argv)
{
  (void)argv;
#ifndef lrand48
  return ((int*)(&lrand48))[argc];
#else
  (void)argc;
  return 0;
#endif
}
Determining if the TIOCGWINSZ exist passed with the following output:
Change Dir: /Users/cheese/Src/CSrc/mysql-connector-c-6.1.11-src/cmake-build-debug/CMakeFiles/CMakeTmp

Run Build Command(s):/Applications/CLion.app/Contents/bin/ninja/mac/ninja cmTC_db886 && [1/2] Building C object CMakeFiles/cmTC_db886.dir/CheckSymbolExists.c.o
[2/2] Linking C executable cmTC_db886


File /Users/cheese/Src/CSrc/mysql-connector-c-6.1.11-src/cmake-build-debug/CMakeFiles/CMakeTmp/CheckSymbolExists.c:
/* */
#include <sys/ioctl.h>

int main(int argc, char** argv)
{
  (void)argv;
#ifndef TIOCGWINSZ
  return ((int*)(&TIOCGWINSZ))[argc];
#else
  (void)argc;
  return 0;
#endif
}
Determining if the FIONREAD exist passed with the following output:
Change Dir: /Users/cheese/Src/CSrc/mysql-connector-c-6.1.11-src/cmake-build-debug/CMakeFiles/CMakeTmp

Run Build Command(s):/Applications/CLion.app/Contents/bin/ninja/mac/ninja cmTC_8d7fc && [1/2] Building C object CMakeFiles/cmTC_8d7fc.dir/CheckSymbolExists.c.o
[2/2] Linking C executable cmTC_8d7fc


File /Users/cheese/Src/CSrc/mysql-connector-c-6.1.11-src/cmake-build-debug/CMakeFiles/CMakeTmp/CheckSymbolExists.c:
/* */
#include <sys/ioctl.h>

int main(int argc, char** argv)
{
  (void)argv;
#ifndef FIONREAD
  return ((int*)(&FIONREAD))[argc];
#else
  (void)argc;
  return 0;
#endif
}
Determining if the FIONREAD exist passed with the following output:
Change Dir: /Users/cheese/Src/CSrc/mysql-connector-c-6.1.11-src/cmake-build-debug/CMakeFiles/CMakeTmp

Run Build Command(s):/Applications/CLion.app/Contents/bin/ninja/mac/ninja cmTC_7f736 && [1/2] Building C object CMakeFiles/cmTC_7f736.dir/CheckSymbolExists.c.o
[2/2] Linking C executable cmTC_7f736


File /Users/cheese/Src/CSrc/mysql-connector-c-6.1.11-src/cmake-build-debug/CMakeFiles/CMakeTmp/CheckSymbolExists.c:
/* */
#include <sys/filio.h>

int main(int argc, char** argv)
{
  (void)argv;
#ifndef FIONREAD
  return ((int*)(&FIONREAD))[argc];
#else
  (void)argc;
  return 0;
#endif
}
Determining if the log2 exist passed with the following output:
Change Dir: /Users/cheese/Src/CSrc/mysql-connector-c-6.1.11-src/cmake-build-debug/CMakeFiles/CMakeTmp

Run Build Command(s):/Applications/CLion.app/Contents/bin/ninja/mac/ninja cmTC_76516 && [1/2] Building C object CMakeFiles/cmTC_76516.dir/CheckSymbolExists.c.o
[2/2] Linking C executable cmTC_76516


File /Users/cheese/Src/CSrc/mysql-connector-c-6.1.11-src/cmake-build-debug/CMakeFiles/CMakeTmp/CheckSymbolExists.c:
/* */
#include <math.h>

int main(int argc, char** argv)
{
  (void)argv;
#ifndef log2
  return ((int*)(&log2))[argc];
#else
  (void)argc;
  return 0;
#endif
}
Determining if the isinf exist passed with the following output:
Change Dir: /Users/cheese/Src/CSrc/mysql-connector-c-6.1.11-src/cmake-build-debug/CMakeFiles/CMakeTmp

Run Build Command(s):/Applications/CLion.app/Contents/bin/ninja/mac/ninja cmTC_54943 && [1/2] Building C object CMakeFiles/cmTC_54943.dir/CheckSymbolExists.c.o
[2/2] Linking C executable cmTC_54943


File /Users/cheese/Src/CSrc/mysql-connector-c-6.1.11-src/cmake-build-debug/CMakeFiles/CMakeTmp/CheckSymbolExists.c:
/* */
#include <math.h>

int main(int argc, char** argv)
{
  (void)argv;
#ifndef isinf
  return ((int*)(&isinf))[argc];
#else
  (void)argc;
  return 0;
#endif
}
Performing C++ SOURCE FILE Test HAVE_CXX_ISINF succeeded with the following output:
Change Dir: /Users/cheese/Src/CSrc/mysql-connector-c-6.1.11-src/cmake-build-debug/CMakeFiles/CMakeTmp

Run Build Command(s):/Applications/CLion.app/Contents/bin/ninja/mac/ninja cmTC_00424 && [1/2] Building CXX object CMakeFiles/cmTC_00424.dir/src.cxx.o
[2/2] Linking CXX executable cmTC_00424


Source file was:
#include  <math.h>
int main() { 
  isinf(0.0); 
  return 0;
}
Determining if the function kqueue exists passed with the following output:
Change Dir: /Users/cheese/Src/CSrc/mysql-connector-c-6.1.11-src/cmake-build-debug/CMakeFiles/CMakeTmp

Run Build Command(s):/Applications/CLion.app/Contents/bin/ninja/mac/ninja cmTC_580d5 && [1/2] Building C object CMakeFiles/cmTC_580d5.dir/CheckFunctionExists.c.o
[2/2] Linking C executable cmTC_580d5



Determining if the EVFILT_TIMER exist passed with the following output:
Change Dir: /Users/cheese/Src/CSrc/mysql-connector-c-6.1.11-src/cmake-build-debug/CMakeFiles/CMakeTmp

Run Build Command(s):/Applications/CLion.app/Contents/bin/ninja/mac/ninja cmTC_91e1c && [1/2] Building C object CMakeFiles/cmTC_91e1c.dir/CheckSymbolExists.c.o
[2/2] Linking C executable cmTC_91e1c


File /Users/cheese/Src/CSrc/mysql-connector-c-6.1.11-src/cmake-build-debug/CMakeFiles/CMakeTmp/CheckSymbolExists.c:
/* */
#include <sys/types.h>
#include <sys/event.h>
#include <sys/time.h>

int main(int argc, char** argv)
{
  (void)argv;
#ifndef EVFILT_TIMER
  return ((int*)(&EVFILT_TIMER))[argc];
#else
  (void)argc;
  return 0;
#endif
}
Determining size of char * passed with the following output:
Change Dir: /Users/cheese/Src/CSrc/mysql-connector-c-6.1.11-src/cmake-build-debug/CMakeFiles/CMakeTmp

Run Build Command(s):/Applications/CLion.app/Contents/bin/ninja/mac/ninja cmTC_e7e32 && [1/2] Building C object CMakeFiles/cmTC_e7e32.dir/SIZEOF_CHARP.c.o
[2/2] Linking C executable cmTC_e7e32



Determining size of long passed with the following output:
Change Dir: /Users/cheese/Src/CSrc/mysql-connector-c-6.1.11-src/cmake-build-debug/CMakeFiles/CMakeTmp

Run Build Command(s):/Applications/CLion.app/Contents/bin/ninja/mac/ninja cmTC_5cb37 && [1/2] Building C object CMakeFiles/cmTC_5cb37.dir/SIZEOF_LONG.c.o
[2/2] Linking C executable cmTC_5cb37



Determining size of short passed with the following output:
Change Dir: /Users/cheese/Src/CSrc/mysql-connector-c-6.1.11-src/cmake-build-debug/CMakeFiles/CMakeTmp

Run Build Command(s):/Applications/CLion.app/Contents/bin/ninja/mac/ninja cmTC_bc84a && [1/2] Building C object CMakeFiles/cmTC_bc84a.dir/SIZEOF_SHORT.c.o
[2/2] Linking C executable cmTC_bc84a



Determining size of int passed with the following output:
Change Dir: /Users/cheese/Src/CSrc/mysql-connector-c-6.1.11-src/cmake-build-debug/CMakeFiles/CMakeTmp

Run Build Command(s):/Applications/CLion.app/Contents/bin/ninja/mac/ninja cmTC_d6e68 && [1/2] Building C object CMakeFiles/cmTC_d6e68.dir/SIZEOF_INT.c.o
[2/2] Linking C executable cmTC_d6e68



Determining size of long long passed with the following output:
Change Dir: /Users/cheese/Src/CSrc/mysql-connector-c-6.1.11-src/cmake-build-debug/CMakeFiles/CMakeTmp

Run Build Command(s):/Applications/CLion.app/Contents/bin/ninja/mac/ninja cmTC_d7064 && [1/2] Building C object CMakeFiles/cmTC_d7064.dir/SIZEOF_LONG_LONG.c.o
[2/2] Linking C executable cmTC_d7064



Determining size of off_t passed with the following output:
Change Dir: /Users/cheese/Src/CSrc/mysql-connector-c-6.1.11-src/cmake-build-debug/CMakeFiles/CMakeTmp

Run Build Command(s):/Applications/CLion.app/Contents/bin/ninja/mac/ninja cmTC_9c88f && [1/2] Building C object CMakeFiles/cmTC_9c88f.dir/SIZEOF_OFF_T.c.o
[2/2] Linking C executable cmTC_9c88f



Determining size of time_t passed with the following output:
Change Dir: /Users/cheese/Src/CSrc/mysql-connector-c-6.1.11-src/cmake-build-debug/CMakeFiles/CMakeTmp

Run Build Command(s):/Applications/CLion.app/Contents/bin/ninja/mac/ninja cmTC_2c4ab && [1/2] Building C object CMakeFiles/cmTC_2c4ab.dir/SIZEOF_TIME_T.c.o
[2/2] Linking C executable cmTC_2c4ab



Determining size of struct timespec passed with the following output:
Change Dir: /Users/cheese/Src/CSrc/mysql-connector-c-6.1.11-src/cmake-build-debug/CMakeFiles/CMakeTmp

Run Build Command(s):/Applications/CLion.app/Contents/bin/ninja/mac/ninja cmTC_88678 && [1/2] Building C object CMakeFiles/cmTC_88678.dir/STRUCT_TIMESPEC.c.o
[2/2] Linking C executable cmTC_88678



Determining size of uint passed with the following output:
Change Dir: /Users/cheese/Src/CSrc/mysql-connector-c-6.1.11-src/cmake-build-debug/CMakeFiles/CMakeTmp

Run Build Command(s):/Applications/CLion.app/Contents/bin/ninja/mac/ninja cmTC_7ce4f && [1/2] Building C object CMakeFiles/cmTC_7ce4f.dir/SIZEOF_UINT.c.o
[2/2] Linking C executable cmTC_7ce4f



Determining size of u_int32_t passed with the following output:
Change Dir: /Users/cheese/Src/CSrc/mysql-connector-c-6.1.11-src/cmake-build-debug/CMakeFiles/CMakeTmp

Run Build Command(s):/Applications/CLion.app/Contents/bin/ninja/mac/ninja cmTC_95128 && [1/2] Building C object CMakeFiles/cmTC_95128.dir/SIZEOF_U_INT32_T.c.o
[2/2] Linking C executable cmTC_95128



Performing C++ SOURCE FILE Test HAVE_VISIBILITY_HIDDEN succeeded with the following output:
Change Dir: /Users/cheese/Src/CSrc/mysql-connector-c-6.1.11-src/cmake-build-debug/CMakeFiles/CMakeTmp

Run Build Command(s):/Applications/CLion.app/Contents/bin/ninja/mac/ninja cmTC_923a5 && [1/2] Building CXX object CMakeFiles/cmTC_923a5.dir/src.cxx.o
[2/2] Linking CXX executable cmTC_923a5


Source file was:
int main(void) { return 0; }
Determining if files time.h;sys/time.h exist passed with the following output:
Change Dir: /Users/cheese/Src/CSrc/mysql-connector-c-6.1.11-src/cmake-build-debug/CMakeFiles/CMakeTmp

Run Build Command(s):/Applications/CLion.app/Contents/bin/ninja/mac/ninja cmTC_ed65e && [1/2] Building C object CMakeFiles/cmTC_ed65e.dir/TIME_WITH_SYS_TIME.c.o
[2/2] Linking C executable cmTC_ed65e



Determining if the O_NONBLOCK exist passed with the following output:
Change Dir: /Users/cheese/Src/CSrc/mysql-connector-c-6.1.11-src/cmake-build-debug/CMakeFiles/CMakeTmp

Run Build Command(s):/Applications/CLion.app/Contents/bin/ninja/mac/ninja cmTC_96a55 && [1/2] Building C object CMakeFiles/cmTC_96a55.dir/CheckSymbolExists.c.o
[2/2] Linking C executable cmTC_96a55


File /Users/cheese/Src/CSrc/mysql-connector-c-6.1.11-src/cmake-build-debug/CMakeFiles/CMakeTmp/CheckSymbolExists.c:
/* */
#include <unistd.h>
#include <fcntl.h>

int main(int argc, char** argv)
{
  (void)argv;
#ifndef O_NONBLOCK
  return ((int*)(&O_NONBLOCK))[argc];
#else
  (void)argc;
  return 0;
#endif
}
Performing C SOURCE FILE Test HAVE_BUILTIN_UNREACHABLE succeeded with the following output:
Change Dir: /Users/cheese/Src/CSrc/mysql-connector-c-6.1.11-src/cmake-build-debug/CMakeFiles/CMakeTmp

Run Build Command(s):/Applications/CLion.app/Contents/bin/ninja/mac/ninja cmTC_be78e && [1/2] Building C object CMakeFiles/cmTC_be78e.dir/src.c.o
[2/2] Linking C executable cmTC_be78e


Source file was:

int main()
{
  __builtin_unreachable();
  return 0;
}
Performing C SOURCE FILE Test HAVE_BUILTIN_EXPECT succeeded with the following output:
Change Dir: /Users/cheese/Src/CSrc/mysql-connector-c-6.1.11-src/cmake-build-debug/CMakeFiles/CMakeTmp

Run Build Command(s):/Applications/CLion.app/Contents/bin/ninja/mac/ninja cmTC_e4e3d && [1/2] Building C object CMakeFiles/cmTC_e4e3d.dir/src.c.o
/Users/cheese/Src/CSrc/mysql-connector-c-6.1.11-src/cmake-build-debug/CMakeFiles/CMakeTmp/src.c:5:3: warning: ignoring return value of function declared with const attribute [-Wunused-value]
  __builtin_expect(l, 0);
  ^~~~~~~~~~~~~~~~ ~~~~
1 warning generated.
[2/2] Linking C executable cmTC_e4e3d


Source file was:

int main()
{
  long l= 0;
  __builtin_expect(l, 0);
  return 0;
}
Performing C SOURCE FILE Test HAVE_BUILTIN_STPCPY succeeded with the following output:
Change Dir: /Users/cheese/Src/CSrc/mysql-connector-c-6.1.11-src/cmake-build-debug/CMakeFiles/CMakeTmp

Run Build Command(s):/Applications/CLion.app/Contents/bin/ninja/mac/ninja cmTC_209fe && [1/2] Building C object CMakeFiles/cmTC_209fe.dir/src.c.o
[2/2] Linking C executable cmTC_209fe


Source file was:

int main()
{
  char foo1[1];
  char foo2[1];
  __builtin_stpcpy(foo1, foo2);
  return 0;
}
Performing C++ SOURCE FILE Test HAVE_GCC_ATOMIC_BUILTINS succeeded with the following output:
Change Dir: /Users/cheese/Src/CSrc/mysql-connector-c-6.1.11-src/cmake-build-debug/CMakeFiles/CMakeTmp

Run Build Command(s):/Applications/CLion.app/Contents/bin/ninja/mac/ninja cmTC_4a943 && [1/2] Building CXX object CMakeFiles/cmTC_4a943.dir/src.cxx.o
[2/2] Linking CXX executable cmTC_4a943


Source file was:

  int main()
  {
    int foo= -10; int bar= 10;
    long long int foo64= -10; long long int bar64= 10;
    if (!__atomic_fetch_add(&foo, bar, __ATOMIC_SEQ_CST) || foo)
      return -1;
    bar= __atomic_exchange_n(&foo, bar, __ATOMIC_SEQ_CST);
    if (bar || foo != 10)
      return -1;
    bar= __atomic_compare_exchange_n(&bar, &foo, 15, 0,
                                     __ATOMIC_SEQ_CST, __ATOMIC_SEQ_CST);
    if (bar)
      return -1;
    if (!__atomic_fetch_add(&foo64, bar64, __ATOMIC_SEQ_CST) || foo64)
      return -1;
    bar64= __atomic_exchange_n(&foo64, bar64, __ATOMIC_SEQ_CST);
    if (bar64 || foo64 != 10)
      return -1;
    bar64= __atomic_compare_exchange_n(&bar64, &foo64, 15, 0,
                                       __ATOMIC_SEQ_CST, __ATOMIC_SEQ_CST);
    if (bar64)
      return -1;
    return 0;
  }
Performing C++ SOURCE FILE Test HAVE_GCC_SYNC_BUILTINS succeeded with the following output:
Change Dir: /Users/cheese/Src/CSrc/mysql-connector-c-6.1.11-src/cmake-build-debug/CMakeFiles/CMakeTmp

Run Build Command(s):/Applications/CLion.app/Contents/bin/ninja/mac/ninja cmTC_3947a && [1/2] Building CXX object CMakeFiles/cmTC_3947a.dir/src.cxx.o
[2/2] Linking CXX executable cmTC_3947a


Source file was:

  int main()
  {
    int foo= -10; int bar= 10;
    long long int foo64= -10; long long int bar64= 10;
    if (!__sync_fetch_and_add(&foo, bar) || foo)
      return -1;
    bar= __sync_lock_test_and_set(&foo, bar);
    if (bar || foo != 10)
      return -1;
    bar= __sync_val_compare_and_swap(&bar, foo, 15);
    if (bar)
      return -1;
    if (!__sync_fetch_and_add(&foo64, bar64) || foo64)
      return -1;
    bar64= __sync_lock_test_and_set(&foo64, bar64);
    if (bar64 || foo64 != 10)
      return -1;
    bar64= __sync_val_compare_and_swap(&bar64, foo, 15);
    if (bar64)
      return -1;
    return 0;
  }
Determining size of struct sockaddr_in6 passed with the following output:
Change Dir: /Users/cheese/Src/CSrc/mysql-connector-c-6.1.11-src/cmake-build-debug/CMakeFiles/CMakeTmp

Run Build Command(s):/Applications/CLion.app/Contents/bin/ninja/mac/ninja cmTC_faf3d && [1/2] Building C object CMakeFiles/cmTC_faf3d.dir/SIZEOF_SOCKADDR_IN6.c.o
[2/2] Linking C executable cmTC_faf3d



Determining size of struct in6_addr passed with the following output:
Change Dir: /Users/cheese/Src/CSrc/mysql-connector-c-6.1.11-src/cmake-build-debug/CMakeFiles/CMakeTmp

Run Build Command(s):/Applications/CLion.app/Contents/bin/ninja/mac/ninja cmTC_01b7b && [1/2] Building C object CMakeFiles/cmTC_01b7b.dir/SIZEOF_IN6_ADDR.c.o
[2/2] Linking C executable cmTC_01b7b



Performing C SOURCE FILE Test HAVE_SOCKADDR_STORAGE_SS_FAMILY succeeded with the following output:
Change Dir: /Users/cheese/Src/CSrc/mysql-connector-c-6.1.11-src/cmake-build-debug/CMakeFiles/CMakeTmp

Run Build Command(s):/Applications/CLion.app/Contents/bin/ninja/mac/ninja cmTC_52c49 && [1/2] Building C object CMakeFiles/cmTC_52c49.dir/src.c.o
[2/2] Linking C executable cmTC_52c49


Source file was:

#include <sys/types.h>
#include <netinet/in.h>
#include <sys/socket.h>

int main()
{
  (void)sizeof(((struct sockaddr_storage *)0)->ss_family);
  return 0;
}

Performing C SOURCE FILE Test HAVE_SOCKADDR_IN_SIN_LEN succeeded with the following output:
Change Dir: /Users/cheese/Src/CSrc/mysql-connector-c-6.1.11-src/cmake-build-debug/CMakeFiles/CMakeTmp

Run Build Command(s):/Applications/CLion.app/Contents/bin/ninja/mac/ninja cmTC_14e7a && [1/2] Building C object CMakeFiles/cmTC_14e7a.dir/src.c.o
[2/2] Linking C executable cmTC_14e7a


Source file was:

#include <sys/types.h>
#include <netinet/in.h>
#include <sys/socket.h>

int main()
{
  (void)sizeof(((struct sockaddr_in *)0)->sin_len);
  return 0;
}

Performing C SOURCE FILE Test HAVE_SOCKADDR_IN6_SIN6_LEN succeeded with the following output:
Change Dir: /Users/cheese/Src/CSrc/mysql-connector-c-6.1.11-src/cmake-build-debug/CMakeFiles/CMakeTmp

Run Build Command(s):/Applications/CLion.app/Contents/bin/ninja/mac/ninja cmTC_dd17b && [1/2] Building C object CMakeFiles/cmTC_dd17b.dir/src.c.o
[2/2] Linking C executable cmTC_dd17b


Source file was:

#include <sys/types.h>
#include <netinet/in.h>
#include <sys/socket.h>

int main()
{
  (void)sizeof(((struct sockaddr_in6 *)0)->sin6_len);
  return 0;
}

Determining if the function chown exists passed with the following output:
Change Dir: /Users/cheese/Src/CSrc/mysql-connector-c-6.1.11-src/cmake-build-debug/CMakeFiles/CMakeTmp

Run Build Command(s):/Applications/CLion.app/Contents/bin/ninja/mac/ninja cmTC_cbad7 && [1/2] Building C object CMakeFiles/cmTC_cbad7.dir/CheckFunctionExists.c.o
[2/2] Linking C executable cmTC_cbad7



Performing C++ SOURCE FILE Test HAVE_NO_UNUSED_CONST_VAR succeeded with the following output:
Change Dir: /Users/cheese/Src/CSrc/mysql-connector-c-6.1.11-src/cmake-build-debug/CMakeFiles/CMakeTmp

Run Build Command(s):/Applications/CLion.app/Contents/bin/ninja/mac/ninja cmTC_d77c7 && [1/2] Building CXX object CMakeFiles/cmTC_d77c7.dir/src.cxx.o
[2/2] Linking CXX executable cmTC_d77c7


Source file was:
int main(void) { return 0; }
Performing C SOURCE FILE Test HAVE_WVLA succeeded with the following output:
Change Dir: /Users/cheese/Src/CSrc/mysql-connector-c-6.1.11-src/cmake-build-debug/CMakeFiles/CMakeTmp

Run Build Command(s):/Applications/CLion.app/Contents/bin/ninja/mac/ninja cmTC_26574 && [1/2] Building C object CMakeFiles/cmTC_26574.dir/src.c.o
[2/2] Linking C executable cmTC_26574


Source file was:
int main(void) { return 0; }
Performing C SOURCE FILE Test UNUSED_BUT_SET succeeded with the following output:
Change Dir: /Users/cheese/Src/CSrc/mysql-connector-c-6.1.11-src/cmake-build-debug/CMakeFiles/CMakeTmp

Run Build Command(s):/Applications/CLion.app/Contents/bin/ninja/mac/ninja cmTC_32ca6 && [1/2] Building C object CMakeFiles/cmTC_32ca6.dir/src.c.o
[2/2] Linking C executable cmTC_32ca6


Source file was:
int main(void) { return 0; }
Performing C++ SOURCE FILE Test HAVE_NO_DEPREC_CONST succeeded with the following output:
Change Dir: /Users/cheese/Src/CSrc/mysql-connector-c-6.1.11-src/cmake-build-debug/CMakeFiles/CMakeTmp

Run Build Command(s):/Applications/CLion.app/Contents/bin/ninja/mac/ninja cmTC_20981 && [1/2] Building CXX object CMakeFiles/cmTC_20981.dir/src.cxx.o
[2/2] Linking CXX executable cmTC_20981


Source file was:
int main(void) { return 0; }
